2020-06-10 10:21:30,611 INFO 5063 [Timer] /Users/yuakira/dev/projects/Psychology2/node_modules/egg-multipart/app/schedule/clean_tmpdir.js next time will execute after 65309391ms at 2020-06-11 04:30:00.002
2020-06-10 10:21:30,612 INFO 5063 [Timer] /Users/yuakira/dev/projects/Psychology2/node_modules/egg-logrotator/app/schedule/clean_log.js next time will execute after 49109389ms at 2020-06-11 00:00:00.001
2020-06-10 10:21:30,612 INFO 5063 [Timer] /Users/yuakira/dev/projects/Psychology2/node_modules/egg-logrotator/app/schedule/rotate_by_file.js next time will execute after 49110388ms at 2020-06-11 00:00:01.000
2020-06-10 10:21:30,232 INFO 5064 [egg-schedule]: register schedule /Users/yuakira/dev/projects/Psychology2/node_modules/egg-multipart/app/schedule/clean_tmpdir.js
2020-06-10 10:21:30,232 INFO 5064 [egg-schedule]: register schedule /Users/yuakira/dev/projects/Psychology2/node_modules/egg-logrotator/app/schedule/clean_log.js
2020-06-10 10:21:30,232 INFO 5064 [egg-schedule]: register schedule /Users/yuakira/dev/projects/Psychology2/node_modules/egg-logrotator/app/schedule/rotate_by_file.js
2020-06-10 10:22:39,420 INFO 5124 [egg-schedule]: register schedule /Users/yuakira/dev/projects/Psychology2/node_modules/egg-multipart/app/schedule/clean_tmpdir.js
2020-06-10 10:22:39,420 INFO 5124 [egg-schedule]: register schedule /Users/yuakira/dev/projects/Psychology2/node_modules/egg-logrotator/app/schedule/clean_log.js
2020-06-10 10:22:39,420 INFO 5124 [egg-schedule]: register schedule /Users/yuakira/dev/projects/Psychology2/node_modules/egg-logrotator/app/schedule/rotate_by_file.js
2020-06-10 10:40:05,613 INFO 5429 [egg-schedule]: register schedule /Users/yuakira/dev/projects/Psychology2/node_modules/egg-multipart/app/schedule/clean_tmpdir.js
2020-06-10 10:40:05,613 INFO 5429 [egg-schedule]: register schedule /Users/yuakira/dev/projects/Psychology2/node_modules/egg-logrotator/app/schedule/clean_log.js
2020-06-10 10:40:05,613 INFO 5429 [egg-schedule]: register schedule /Users/yuakira/dev/projects/Psychology2/node_modules/egg-logrotator/app/schedule/rotate_by_file.js
2020-06-10 10:40:15,615 INFO 5453 [egg-schedule]: register schedule /Users/yuakira/dev/projects/Psychology2/node_modules/egg-multipart/app/schedule/clean_tmpdir.js
2020-06-10 10:40:15,615 INFO 5453 [egg-schedule]: register schedule /Users/yuakira/dev/projects/Psychology2/node_modules/egg-logrotator/app/schedule/clean_log.js
2020-06-10 10:40:15,615 INFO 5453 [egg-schedule]: register schedule /Users/yuakira/dev/projects/Psychology2/node_modules/egg-logrotator/app/schedule/rotate_by_file.js
2020-06-10 10:44:00,425 INFO 5513 [egg-schedule]: register schedule /Users/yuakira/dev/projects/Psychology2/node_modules/egg-multipart/app/schedule/clean_tmpdir.js
2020-06-10 10:44:00,425 INFO 5513 [egg-schedule]: register schedule /Users/yuakira/dev/projects/Psychology2/node_modules/egg-logrotator/app/schedule/clean_log.js
2020-06-10 10:44:00,425 INFO 5513 [egg-schedule]: register schedule /Users/yuakira/dev/projects/Psychology2/node_modules/egg-logrotator/app/schedule/rotate_by_file.js
2020-06-10 10:44:12,112 INFO 5537 [egg-schedule]: register schedule /Users/yuakira/dev/projects/Psychology2/node_modules/egg-multipart/app/schedule/clean_tmpdir.js
2020-06-10 10:44:12,113 INFO 5537 [egg-schedule]: register schedule /Users/yuakira/dev/projects/Psychology2/node_modules/egg-logrotator/app/schedule/clean_log.js
2020-06-10 10:44:12,113 INFO 5537 [egg-schedule]: register schedule /Users/yuakira/dev/projects/Psychology2/node_modules/egg-logrotator/app/schedule/rotate_by_file.js
2020-06-10 10:46:58,214 INFO 5585 [egg-schedule]: register schedule /Users/yuakira/dev/projects/Psychology2/node_modules/egg-multipart/app/schedule/clean_tmpdir.js
2020-06-10 10:46:58,214 INFO 5585 [egg-schedule]: register schedule /Users/yuakira/dev/projects/Psychology2/node_modules/egg-logrotator/app/schedule/clean_log.js
2020-06-10 10:46:58,214 INFO 5585 [egg-schedule]: register schedule /Users/yuakira/dev/projects/Psychology2/node_modules/egg-logrotator/app/schedule/rotate_by_file.js
2020-06-10 10:47:04,955 INFO 5612 [egg-schedule]: register schedule /Users/yuakira/dev/projects/Psychology2/node_modules/egg-multipart/app/schedule/clean_tmpdir.js
2020-06-10 10:47:04,955 INFO 5612 [egg-schedule]: register schedule /Users/yuakira/dev/projects/Psychology2/node_modules/egg-logrotator/app/schedule/clean_log.js
2020-06-10 10:47:04,955 INFO 5612 [egg-schedule]: register schedule /Users/yuakira/dev/projects/Psychology2/node_modules/egg-logrotator/app/schedule/rotate_by_file.js
2020-06-10 10:47:30,653 INFO 5627 [egg-schedule]: register schedule /Users/yuakira/dev/projects/Psychology2/node_modules/egg-multipart/app/schedule/clean_tmpdir.js
2020-06-10 10:47:30,653 INFO 5627 [egg-schedule]: register schedule /Users/yuakira/dev/projects/Psychology2/node_modules/egg-logrotator/app/schedule/clean_log.js
2020-06-10 10:47:30,653 INFO 5627 [egg-schedule]: register schedule /Users/yuakira/dev/projects/Psychology2/node_modules/egg-logrotator/app/schedule/rotate_by_file.js
2020-06-10 10:49:37,605 INFO 5663 [egg-schedule]: register schedule /Users/yuakira/dev/projects/Psychology2/node_modules/egg-multipart/app/schedule/clean_tmpdir.js
2020-06-10 10:49:37,605 INFO 5663 [egg-schedule]: register schedule /Users/yuakira/dev/projects/Psychology2/node_modules/egg-logrotator/app/schedule/clean_log.js
2020-06-10 10:49:37,605 INFO 5663 [egg-schedule]: register schedule /Users/yuakira/dev/projects/Psychology2/node_modules/egg-logrotator/app/schedule/rotate_by_file.js
2020-06-10 10:51:03,645 INFO 5690 [egg-schedule]: register schedule /Users/yuakira/dev/projects/Psychology2/node_modules/egg-multipart/app/schedule/clean_tmpdir.js
2020-06-10 10:51:03,645 INFO 5690 [egg-schedule]: register schedule /Users/yuakira/dev/projects/Psychology2/node_modules/egg-logrotator/app/schedule/clean_log.js
2020-06-10 10:51:03,646 INFO 5690 [egg-schedule]: register schedule /Users/yuakira/dev/projects/Psychology2/node_modules/egg-logrotator/app/schedule/rotate_by_file.js
2020-06-10 10:51:06,972 INFO 5707 [egg-schedule]: register schedule /Users/yuakira/dev/projects/Psychology2/node_modules/egg-multipart/app/schedule/clean_tmpdir.js
2020-06-10 10:51:06,972 INFO 5707 [egg-schedule]: register schedule /Users/yuakira/dev/projects/Psychology2/node_modules/egg-logrotator/app/schedule/clean_log.js
2020-06-10 10:51:06,972 INFO 5707 [egg-schedule]: register schedule /Users/yuakira/dev/projects/Psychology2/node_modules/egg-logrotator/app/schedule/rotate_by_file.js
2020-06-10 10:51:37,158 INFO 5734 [egg-schedule]: register schedule /Users/yuakira/dev/projects/Psychology2/node_modules/egg-multipart/app/schedule/clean_tmpdir.js
2020-06-10 10:51:37,158 INFO 5734 [egg-schedule]: register schedule /Users/yuakira/dev/projects/Psychology2/node_modules/egg-logrotator/app/schedule/clean_log.js
2020-06-10 10:51:37,158 INFO 5734 [egg-schedule]: register schedule /Users/yuakira/dev/projects/Psychology2/node_modules/egg-logrotator/app/schedule/rotate_by_file.js
2020-06-10 10:52:31,377 INFO 5759 [egg-schedule]: register schedule /Users/yuakira/dev/projects/Psychology2/node_modules/egg-multipart/app/schedule/clean_tmpdir.js
2020-06-10 10:52:31,377 INFO 5759 [egg-schedule]: register schedule /Users/yuakira/dev/projects/Psychology2/node_modules/egg-logrotator/app/schedule/clean_log.js
2020-06-10 10:52:31,377 INFO 5759 [egg-schedule]: register schedule /Users/yuakira/dev/projects/Psychology2/node_modules/egg-logrotator/app/schedule/rotate_by_file.js
2020-06-10 10:52:42,234 INFO 5784 [egg-schedule]: register schedule /Users/yuakira/dev/projects/Psychology2/node_modules/egg-multipart/app/schedule/clean_tmpdir.js
2020-06-10 10:52:42,234 INFO 5784 [egg-schedule]: register schedule /Users/yuakira/dev/projects/Psychology2/node_modules/egg-logrotator/app/schedule/clean_log.js
2020-06-10 10:52:42,234 INFO 5784 [egg-schedule]: register schedule /Users/yuakira/dev/projects/Psychology2/node_modules/egg-logrotator/app/schedule/rotate_by_file.js
2020-06-10 10:53:45,710 INFO 5811 [egg-schedule]: register schedule /Users/yuakira/dev/projects/Psychology2/node_modules/egg-multipart/app/schedule/clean_tmpdir.js
2020-06-10 10:53:45,710 INFO 5811 [egg-schedule]: register schedule /Users/yuakira/dev/projects/Psychology2/node_modules/egg-logrotator/app/schedule/clean_log.js
2020-06-10 10:53:45,710 INFO 5811 [egg-schedule]: register schedule /Users/yuakira/dev/projects/Psychology2/node_modules/egg-logrotator/app/schedule/rotate_by_file.js
2020-06-10 10:54:01,179 INFO 5832 [egg-schedule]: register schedule /Users/yuakira/dev/projects/Psychology2/node_modules/egg-multipart/app/schedule/clean_tmpdir.js
2020-06-10 10:54:01,179 INFO 5832 [egg-schedule]: register schedule /Users/yuakira/dev/projects/Psychology2/node_modules/egg-logrotator/app/schedule/clean_log.js
2020-06-10 10:54:01,179 INFO 5832 [egg-schedule]: register schedule /Users/yuakira/dev/projects/Psychology2/node_modules/egg-logrotator/app/schedule/rotate_by_file.js
2020-06-10 10:54:08,833 INFO 5856 [egg-schedule]: register schedule /Users/yuakira/dev/projects/Psychology2/node_modules/egg-multipart/app/schedule/clean_tmpdir.js
2020-06-10 10:54:08,833 INFO 5856 [egg-schedule]: register schedule /Users/yuakira/dev/projects/Psychology2/node_modules/egg-logrotator/app/schedule/clean_log.js
2020-06-10 10:54:08,833 INFO 5856 [egg-schedule]: register schedule /Users/yuakira/dev/projects/Psychology2/node_modules/egg-logrotator/app/schedule/rotate_by_file.js
2020-06-10 10:54:15,742 INFO 5867 [egg-schedule]: register schedule /Users/yuakira/dev/projects/Psychology2/node_modules/egg-multipart/app/schedule/clean_tmpdir.js
2020-06-10 10:54:15,742 INFO 5867 [egg-schedule]: register schedule /Users/yuakira/dev/projects/Psychology2/node_modules/egg-logrotator/app/schedule/clean_log.js
2020-06-10 10:54:15,742 INFO 5867 [egg-schedule]: register schedule /Users/yuakira/dev/projects/Psychology2/node_modules/egg-logrotator/app/schedule/rotate_by_file.js
2020-06-10 10:54:39,209 INFO 5891 [egg-schedule]: register schedule /Users/yuakira/dev/projects/Psychology2/node_modules/egg-multipart/app/schedule/clean_tmpdir.js
2020-06-10 10:54:39,209 INFO 5891 [egg-schedule]: register schedule /Users/yuakira/dev/projects/Psychology2/node_modules/egg-logrotator/app/schedule/clean_log.js
2020-06-10 10:54:39,209 INFO 5891 [egg-schedule]: register schedule /Users/yuakira/dev/projects/Psychology2/node_modules/egg-logrotator/app/schedule/rotate_by_file.js
2020-06-10 10:55:01,573 INFO 5912 [egg-schedule]: register schedule /Users/yuakira/dev/projects/Psychology2/node_modules/egg-multipart/app/schedule/clean_tmpdir.js
2020-06-10 10:55:01,573 INFO 5912 [egg-schedule]: register schedule /Users/yuakira/dev/projects/Psychology2/node_modules/egg-logrotator/app/schedule/clean_log.js
2020-06-10 10:55:01,573 INFO 5912 [egg-schedule]: register schedule /Users/yuakira/dev/projects/Psychology2/node_modules/egg-logrotator/app/schedule/rotate_by_file.js
2020-06-10 11:02:46,220 INFO 6000 [egg-schedule]: register schedule /Users/yuakira/dev/projects/Psychology2/node_modules/egg-multipart/app/schedule/clean_tmpdir.js
2020-06-10 11:02:46,220 INFO 6000 [egg-schedule]: register schedule /Users/yuakira/dev/projects/Psychology2/node_modules/egg-logrotator/app/schedule/clean_log.js
2020-06-10 11:02:46,220 INFO 6000 [egg-schedule]: register schedule /Users/yuakira/dev/projects/Psychology2/node_modules/egg-logrotator/app/schedule/rotate_by_file.js
2020-06-10 11:03:20,142 INFO 6028 [egg-schedule]: register schedule /Users/yuakira/dev/projects/Psychology2/node_modules/egg-multipart/app/schedule/clean_tmpdir.js
2020-06-10 11:03:20,142 INFO 6028 [egg-schedule]: register schedule /Users/yuakira/dev/projects/Psychology2/node_modules/egg-logrotator/app/schedule/clean_log.js
2020-06-10 11:03:20,142 INFO 6028 [egg-schedule]: register schedule /Users/yuakira/dev/projects/Psychology2/node_modules/egg-logrotator/app/schedule/rotate_by_file.js
2020-06-10 11:03:41,726 INFO 6060 [egg-schedule]: register schedule /Users/yuakira/dev/projects/Psychology2/node_modules/egg-multipart/app/schedule/clean_tmpdir.js
2020-06-10 11:03:41,726 INFO 6060 [egg-schedule]: register schedule /Users/yuakira/dev/projects/Psychology2/node_modules/egg-logrotator/app/schedule/clean_log.js
2020-06-10 11:03:41,726 INFO 6060 [egg-schedule]: register schedule /Users/yuakira/dev/projects/Psychology2/node_modules/egg-logrotator/app/schedule/rotate_by_file.js
2020-06-10 11:04:24,106 INFO 6088 [egg-schedule]: register schedule /Users/yuakira/dev/projects/Psychology2/node_modules/egg-multipart/app/schedule/clean_tmpdir.js
2020-06-10 11:04:24,106 INFO 6088 [egg-schedule]: register schedule /Users/yuakira/dev/projects/Psychology2/node_modules/egg-logrotator/app/schedule/clean_log.js
2020-06-10 11:04:24,106 INFO 6088 [egg-schedule]: register schedule /Users/yuakira/dev/projects/Psychology2/node_modules/egg-logrotator/app/schedule/rotate_by_file.js
2020-06-10 11:04:42,287 INFO 6116 [egg-schedule]: register schedule /Users/yuakira/dev/projects/Psychology2/node_modules/egg-multipart/app/schedule/clean_tmpdir.js
2020-06-10 11:04:42,287 INFO 6116 [egg-schedule]: register schedule /Users/yuakira/dev/projects/Psychology2/node_modules/egg-logrotator/app/schedule/clean_log.js
2020-06-10 11:04:42,287 INFO 6116 [egg-schedule]: register schedule /Users/yuakira/dev/projects/Psychology2/node_modules/egg-logrotator/app/schedule/rotate_by_file.js
2020-06-10 11:06:39,450 INFO 6149 [egg-schedule]: register schedule /Users/yuakira/dev/projects/Psychology2/node_modules/egg-multipart/app/schedule/clean_tmpdir.js
2020-06-10 11:06:39,450 INFO 6149 [egg-schedule]: register schedule /Users/yuakira/dev/projects/Psychology2/node_modules/egg-logrotator/app/schedule/clean_log.js
2020-06-10 11:06:39,450 INFO 6149 [egg-schedule]: register schedule /Users/yuakira/dev/projects/Psychology2/node_modules/egg-logrotator/app/schedule/rotate_by_file.js
2020-06-10 11:07:50,374 INFO 6180 [egg-schedule]: register schedule /Users/yuakira/dev/projects/Psychology2/node_modules/egg-multipart/app/schedule/clean_tmpdir.js
2020-06-10 11:07:50,374 INFO 6180 [egg-schedule]: register schedule /Users/yuakira/dev/projects/Psychology2/node_modules/egg-logrotator/app/schedule/clean_log.js
2020-06-10 11:07:50,374 INFO 6180 [egg-schedule]: register schedule /Users/yuakira/dev/projects/Psychology2/node_modules/egg-logrotator/app/schedule/rotate_by_file.js
2020-06-10 11:08:04,303 INFO 6201 [egg-schedule]: register schedule /Users/yuakira/dev/projects/Psychology2/node_modules/egg-multipart/app/schedule/clean_tmpdir.js
2020-06-10 11:08:04,303 INFO 6201 [egg-schedule]: register schedule /Users/yuakira/dev/projects/Psychology2/node_modules/egg-logrotator/app/schedule/clean_log.js
2020-06-10 11:08:04,303 INFO 6201 [egg-schedule]: register schedule /Users/yuakira/dev/projects/Psychology2/node_modules/egg-logrotator/app/schedule/rotate_by_file.js
2020-06-10 11:08:14,863 INFO 6225 [egg-schedule]: register schedule /Users/yuakira/dev/projects/Psychology2/node_modules/egg-multipart/app/schedule/clean_tmpdir.js
2020-06-10 11:08:14,863 INFO 6225 [egg-schedule]: register schedule /Users/yuakira/dev/projects/Psychology2/node_modules/egg-logrotator/app/schedule/clean_log.js
2020-06-10 11:08:14,863 INFO 6225 [egg-schedule]: register schedule /Users/yuakira/dev/projects/Psychology2/node_modules/egg-logrotator/app/schedule/rotate_by_file.js
2020-06-10 11:10:13,220 INFO 6262 [egg-schedule]: register schedule /Users/yuakira/dev/projects/Psychology2/node_modules/egg-multipart/app/schedule/clean_tmpdir.js
2020-06-10 11:10:13,220 INFO 6262 [egg-schedule]: register schedule /Users/yuakira/dev/projects/Psychology2/node_modules/egg-logrotator/app/schedule/clean_log.js
2020-06-10 11:10:13,220 INFO 6262 [egg-schedule]: register schedule /Users/yuakira/dev/projects/Psychology2/node_modules/egg-logrotator/app/schedule/rotate_by_file.js
2020-06-10 11:13:39,809 INFO 6309 [egg-schedule]: register schedule /Users/yuakira/dev/projects/Psychology2/node_modules/egg-multipart/app/schedule/clean_tmpdir.js
2020-06-10 11:13:39,809 INFO 6309 [egg-schedule]: register schedule /Users/yuakira/dev/projects/Psychology2/node_modules/egg-logrotator/app/schedule/clean_log.js
2020-06-10 11:13:39,809 INFO 6309 [egg-schedule]: register schedule /Users/yuakira/dev/projects/Psychology2/node_modules/egg-logrotator/app/schedule/rotate_by_file.js
2020-06-10 11:13:52,842 INFO 6335 [egg-schedule]: register schedule /Users/yuakira/dev/projects/Psychology2/node_modules/egg-multipart/app/schedule/clean_tmpdir.js
2020-06-10 11:13:52,842 INFO 6335 [egg-schedule]: register schedule /Users/yuakira/dev/projects/Psychology2/node_modules/egg-logrotator/app/schedule/clean_log.js
2020-06-10 11:13:52,842 INFO 6335 [egg-schedule]: register schedule /Users/yuakira/dev/projects/Psychology2/node_modules/egg-logrotator/app/schedule/rotate_by_file.js
2020-06-10 11:14:41,551 INFO 6362 [egg-schedule]: register schedule /Users/yuakira/dev/projects/Psychology2/node_modules/egg-multipart/app/schedule/clean_tmpdir.js
2020-06-10 11:14:41,551 INFO 6362 [egg-schedule]: register schedule /Users/yuakira/dev/projects/Psychology2/node_modules/egg-logrotator/app/schedule/clean_log.js
2020-06-10 11:14:41,551 INFO 6362 [egg-schedule]: register schedule /Users/yuakira/dev/projects/Psychology2/node_modules/egg-logrotator/app/schedule/rotate_by_file.js
2020-06-10 11:15:02,654 INFO 6383 [egg-schedule]: register schedule /Users/yuakira/dev/projects/Psychology2/node_modules/egg-multipart/app/schedule/clean_tmpdir.js
2020-06-10 11:15:02,654 INFO 6383 [egg-schedule]: register schedule /Users/yuakira/dev/projects/Psychology2/node_modules/egg-logrotator/app/schedule/clean_log.js
2020-06-10 11:15:02,654 INFO 6383 [egg-schedule]: register schedule /Users/yuakira/dev/projects/Psychology2/node_modules/egg-logrotator/app/schedule/rotate_by_file.js
2020-06-10 11:16:41,119 INFO 6418 [egg-schedule]: register schedule /Users/yuakira/dev/projects/Psychology2/node_modules/egg-multipart/app/schedule/clean_tmpdir.js
2020-06-10 11:16:41,119 INFO 6418 [egg-schedule]: register schedule /Users/yuakira/dev/projects/Psychology2/node_modules/egg-logrotator/app/schedule/clean_log.js
2020-06-10 11:16:41,119 INFO 6418 [egg-schedule]: register schedule /Users/yuakira/dev/projects/Psychology2/node_modules/egg-logrotator/app/schedule/rotate_by_file.js
2020-06-10 11:16:58,754 INFO 6442 [egg-schedule]: register schedule /Users/yuakira/dev/projects/Psychology2/node_modules/egg-multipart/app/schedule/clean_tmpdir.js
2020-06-10 11:16:58,754 INFO 6442 [egg-schedule]: register schedule /Users/yuakira/dev/projects/Psychology2/node_modules/egg-logrotator/app/schedule/clean_log.js
2020-06-10 11:16:58,754 INFO 6442 [egg-schedule]: register schedule /Users/yuakira/dev/projects/Psychology2/node_modules/egg-logrotator/app/schedule/rotate_by_file.js
2020-06-10 11:17:35,951 INFO 6469 [egg-schedule]: register schedule /Users/yuakira/dev/projects/Psychology2/node_modules/egg-multipart/app/schedule/clean_tmpdir.js
2020-06-10 11:17:35,951 INFO 6469 [egg-schedule]: register schedule /Users/yuakira/dev/projects/Psychology2/node_modules/egg-logrotator/app/schedule/clean_log.js
2020-06-10 11:17:35,951 INFO 6469 [egg-schedule]: register schedule /Users/yuakira/dev/projects/Psychology2/node_modules/egg-logrotator/app/schedule/rotate_by_file.js
2020-06-10 11:18:44,252 INFO 6500 [egg-schedule]: register schedule /Users/yuakira/dev/projects/Psychology2/node_modules/egg-multipart/app/schedule/clean_tmpdir.js
2020-06-10 11:18:44,252 INFO 6500 [egg-schedule]: register schedule /Users/yuakira/dev/projects/Psychology2/node_modules/egg-logrotator/app/schedule/clean_log.js
2020-06-10 11:18:44,252 INFO 6500 [egg-schedule]: register schedule /Users/yuakira/dev/projects/Psychology2/node_modules/egg-logrotator/app/schedule/rotate_by_file.js
2020-06-10 11:19:32,669 INFO 6528 [egg-schedule]: register schedule /Users/yuakira/dev/projects/Psychology2/node_modules/egg-multipart/app/schedule/clean_tmpdir.js
2020-06-10 11:19:32,669 INFO 6528 [egg-schedule]: register schedule /Users/yuakira/dev/projects/Psychology2/node_modules/egg-logrotator/app/schedule/clean_log.js
2020-06-10 11:19:32,669 INFO 6528 [egg-schedule]: register schedule /Users/yuakira/dev/projects/Psychology2/node_modules/egg-logrotator/app/schedule/rotate_by_file.js
2020-06-10 11:21:33,180 INFO 6565 [egg-schedule]: register schedule /Users/yuakira/dev/projects/Psychology2/node_modules/egg-multipart/app/schedule/clean_tmpdir.js
2020-06-10 11:21:33,180 INFO 6565 [egg-schedule]: register schedule /Users/yuakira/dev/projects/Psychology2/node_modules/egg-logrotator/app/schedule/clean_log.js
2020-06-10 11:21:33,180 INFO 6565 [egg-schedule]: register schedule /Users/yuakira/dev/projects/Psychology2/node_modules/egg-logrotator/app/schedule/rotate_by_file.js
2020-06-10 11:21:43,360 INFO 6590 [egg-schedule]: register schedule /Users/yuakira/dev/projects/Psychology2/node_modules/egg-multipart/app/schedule/clean_tmpdir.js
2020-06-10 11:21:43,360 INFO 6590 [egg-schedule]: register schedule /Users/yuakira/dev/projects/Psychology2/node_modules/egg-logrotator/app/schedule/clean_log.js
2020-06-10 11:21:43,360 INFO 6590 [egg-schedule]: register schedule /Users/yuakira/dev/projects/Psychology2/node_modules/egg-logrotator/app/schedule/rotate_by_file.js
2020-06-10 11:21:49,448 INFO 6609 [egg-schedule]: register schedule /Users/yuakira/dev/projects/Psychology2/node_modules/egg-multipart/app/schedule/clean_tmpdir.js
2020-06-10 11:21:49,448 INFO 6609 [egg-schedule]: register schedule /Users/yuakira/dev/projects/Psychology2/node_modules/egg-logrotator/app/schedule/clean_log.js
2020-06-10 11:21:49,448 INFO 6609 [egg-schedule]: register schedule /Users/yuakira/dev/projects/Psychology2/node_modules/egg-logrotator/app/schedule/rotate_by_file.js
2020-06-10 11:22:33,230 INFO 6629 [egg-schedule]: register schedule /Users/yuakira/dev/projects/Psychology2/node_modules/egg-multipart/app/schedule/clean_tmpdir.js
2020-06-10 11:22:33,230 INFO 6629 [egg-schedule]: register schedule /Users/yuakira/dev/projects/Psychology2/node_modules/egg-logrotator/app/schedule/clean_log.js
2020-06-10 11:22:33,230 INFO 6629 [egg-schedule]: register schedule /Users/yuakira/dev/projects/Psychology2/node_modules/egg-logrotator/app/schedule/rotate_by_file.js
2020-06-10 11:22:52,598 INFO 6653 [egg-schedule]: register schedule /Users/yuakira/dev/projects/Psychology2/node_modules/egg-multipart/app/schedule/clean_tmpdir.js
2020-06-10 11:22:52,598 INFO 6653 [egg-schedule]: register schedule /Users/yuakira/dev/projects/Psychology2/node_modules/egg-logrotator/app/schedule/clean_log.js
2020-06-10 11:22:52,598 INFO 6653 [egg-schedule]: register schedule /Users/yuakira/dev/projects/Psychology2/node_modules/egg-logrotator/app/schedule/rotate_by_file.js
2020-06-10 11:22:59,258 INFO 6664 [egg-schedule]: register schedule /Users/yuakira/dev/projects/Psychology2/node_modules/egg-multipart/app/schedule/clean_tmpdir.js
2020-06-10 11:22:59,258 INFO 6664 [egg-schedule]: register schedule /Users/yuakira/dev/projects/Psychology2/node_modules/egg-logrotator/app/schedule/clean_log.js
2020-06-10 11:22:59,258 INFO 6664 [egg-schedule]: register schedule /Users/yuakira/dev/projects/Psychology2/node_modules/egg-logrotator/app/schedule/rotate_by_file.js
2020-06-10 11:23:18,078 INFO 6678 [egg-schedule]: register schedule /Users/yuakira/dev/projects/Psychology2/node_modules/egg-multipart/app/schedule/clean_tmpdir.js
2020-06-10 11:23:18,078 INFO 6678 [egg-schedule]: register schedule /Users/yuakira/dev/projects/Psychology2/node_modules/egg-logrotator/app/schedule/clean_log.js
2020-06-10 11:23:18,078 INFO 6678 [egg-schedule]: register schedule /Users/yuakira/dev/projects/Psychology2/node_modules/egg-logrotator/app/schedule/rotate_by_file.js
2020-06-10 11:25:01,297 INFO 6711 [egg-schedule]: register schedule /Users/yuakira/dev/projects/Psychology2/node_modules/egg-multipart/app/schedule/clean_tmpdir.js
2020-06-10 11:25:01,297 INFO 6711 [egg-schedule]: register schedule /Users/yuakira/dev/projects/Psychology2/node_modules/egg-logrotator/app/schedule/clean_log.js
2020-06-10 11:25:01,297 INFO 6711 [egg-schedule]: register schedule /Users/yuakira/dev/projects/Psychology2/node_modules/egg-logrotator/app/schedule/rotate_by_file.js
2020-06-10 11:25:16,646 INFO 6735 [egg-schedule]: register schedule /Users/yuakira/dev/projects/Psychology2/node_modules/egg-multipart/app/schedule/clean_tmpdir.js
2020-06-10 11:25:16,646 INFO 6735 [egg-schedule]: register schedule /Users/yuakira/dev/projects/Psychology2/node_modules/egg-logrotator/app/schedule/clean_log.js
2020-06-10 11:25:16,646 INFO 6735 [egg-schedule]: register schedule /Users/yuakira/dev/projects/Psychology2/node_modules/egg-logrotator/app/schedule/rotate_by_file.js
2020-06-10 11:25:21,677 INFO 6747 [egg-schedule]: register schedule /Users/yuakira/dev/projects/Psychology2/node_modules/egg-multipart/app/schedule/clean_tmpdir.js
2020-06-10 11:25:21,677 INFO 6747 [egg-schedule]: register schedule /Users/yuakira/dev/projects/Psychology2/node_modules/egg-logrotator/app/schedule/clean_log.js
2020-06-10 11:25:21,677 INFO 6747 [egg-schedule]: register schedule /Users/yuakira/dev/projects/Psychology2/node_modules/egg-logrotator/app/schedule/rotate_by_file.js
2020-06-10 11:27:50,022 INFO 6791 [egg-schedule]: register schedule /Users/yuakira/dev/projects/Psychology2/node_modules/egg-multipart/app/schedule/clean_tmpdir.js
2020-06-10 11:27:50,022 INFO 6791 [egg-schedule]: register schedule /Users/yuakira/dev/projects/Psychology2/node_modules/egg-logrotator/app/schedule/clean_log.js
2020-06-10 11:27:50,022 INFO 6791 [egg-schedule]: register schedule /Users/yuakira/dev/projects/Psychology2/node_modules/egg-logrotator/app/schedule/rotate_by_file.js
2020-06-10 11:28:42,280 INFO 6821 [egg-schedule]: register schedule /Users/yuakira/dev/projects/Psychology2/node_modules/egg-multipart/app/schedule/clean_tmpdir.js
2020-06-10 11:28:42,280 INFO 6821 [egg-schedule]: register schedule /Users/yuakira/dev/projects/Psychology2/node_modules/egg-logrotator/app/schedule/clean_log.js
2020-06-10 11:28:42,280 INFO 6821 [egg-schedule]: register schedule /Users/yuakira/dev/projects/Psychology2/node_modules/egg-logrotator/app/schedule/rotate_by_file.js
2020-06-10 11:28:49,831 INFO 6842 [egg-schedule]: register schedule /Users/yuakira/dev/projects/Psychology2/node_modules/egg-multipart/app/schedule/clean_tmpdir.js
2020-06-10 11:28:49,831 INFO 6842 [egg-schedule]: register schedule /Users/yuakira/dev/projects/Psychology2/node_modules/egg-logrotator/app/schedule/clean_log.js
2020-06-10 11:28:49,831 INFO 6842 [egg-schedule]: register schedule /Users/yuakira/dev/projects/Psychology2/node_modules/egg-logrotator/app/schedule/rotate_by_file.js
2020-06-10 11:28:58,985 INFO 6857 [egg-schedule]: register schedule /Users/yuakira/dev/projects/Psychology2/node_modules/egg-multipart/app/schedule/clean_tmpdir.js
2020-06-10 11:28:58,985 INFO 6857 [egg-schedule]: register schedule /Users/yuakira/dev/projects/Psychology2/node_modules/egg-logrotator/app/schedule/clean_log.js
2020-06-10 11:28:58,985 INFO 6857 [egg-schedule]: register schedule /Users/yuakira/dev/projects/Psychology2/node_modules/egg-logrotator/app/schedule/rotate_by_file.js
2020-06-10 11:29:02,213 INFO 6869 [egg-schedule]: register schedule /Users/yuakira/dev/projects/Psychology2/node_modules/egg-multipart/app/schedule/clean_tmpdir.js
2020-06-10 11:29:02,213 INFO 6869 [egg-schedule]: register schedule /Users/yuakira/dev/projects/Psychology2/node_modules/egg-logrotator/app/schedule/clean_log.js
2020-06-10 11:29:02,213 INFO 6869 [egg-schedule]: register schedule /Users/yuakira/dev/projects/Psychology2/node_modules/egg-logrotator/app/schedule/rotate_by_file.js
2020-06-10 11:29:04,815 INFO 6873 [egg-schedule]: register schedule /Users/yuakira/dev/projects/Psychology2/node_modules/egg-multipart/app/schedule/clean_tmpdir.js
2020-06-10 11:29:04,815 INFO 6873 [egg-schedule]: register schedule /Users/yuakira/dev/projects/Psychology2/node_modules/egg-logrotator/app/schedule/clean_log.js
2020-06-10 11:29:04,815 INFO 6873 [egg-schedule]: register schedule /Users/yuakira/dev/projects/Psychology2/node_modules/egg-logrotator/app/schedule/rotate_by_file.js
2020-06-10 11:29:20,689 INFO 6897 [egg-schedule]: register schedule /Users/yuakira/dev/projects/Psychology2/node_modules/egg-multipart/app/schedule/clean_tmpdir.js
2020-06-10 11:29:20,690 INFO 6897 [egg-schedule]: register schedule /Users/yuakira/dev/projects/Psychology2/node_modules/egg-logrotator/app/schedule/clean_log.js
2020-06-10 11:29:20,690 INFO 6897 [egg-schedule]: register schedule /Users/yuakira/dev/projects/Psychology2/node_modules/egg-logrotator/app/schedule/rotate_by_file.js
2020-06-10 11:30:48,097 INFO 6945 [egg-schedule]: register schedule /Users/yuakira/dev/projects/Psychology2/node_modules/egg-multipart/app/schedule/clean_tmpdir.js
2020-06-10 11:30:48,097 INFO 6945 [egg-schedule]: register schedule /Users/yuakira/dev/projects/Psychology2/node_modules/egg-logrotator/app/schedule/clean_log.js
2020-06-10 11:30:48,097 INFO 6945 [egg-schedule]: register schedule /Users/yuakira/dev/projects/Psychology2/node_modules/egg-logrotator/app/schedule/rotate_by_file.js
2020-06-10 11:31:16,440 INFO 6971 [egg-schedule]: register schedule /Users/yuakira/dev/projects/Psychology2/node_modules/egg-multipart/app/schedule/clean_tmpdir.js
2020-06-10 11:31:16,440 INFO 6971 [egg-schedule]: register schedule /Users/yuakira/dev/projects/Psychology2/node_modules/egg-logrotator/app/schedule/clean_log.js
2020-06-10 11:31:16,440 INFO 6971 [egg-schedule]: register schedule /Users/yuakira/dev/projects/Psychology2/node_modules/egg-logrotator/app/schedule/rotate_by_file.js
2020-06-10 11:33:23,860 INFO 7029 [egg-schedule]: register schedule /Users/yuakira/dev/projects/Psychology2/node_modules/egg-multipart/app/schedule/clean_tmpdir.js
2020-06-10 11:33:23,860 INFO 7029 [egg-schedule]: register schedule /Users/yuakira/dev/projects/Psychology2/node_modules/egg-logrotator/app/schedule/clean_log.js
2020-06-10 11:33:23,860 INFO 7029 [egg-schedule]: register schedule /Users/yuakira/dev/projects/Psychology2/node_modules/egg-logrotator/app/schedule/rotate_by_file.js
2020-06-10 11:33:25,868 INFO 7040 [egg-schedule]: register schedule /Users/yuakira/dev/projects/Psychology2/node_modules/egg-multipart/app/schedule/clean_tmpdir.js
2020-06-10 11:33:25,868 INFO 7040 [egg-schedule]: register schedule /Users/yuakira/dev/projects/Psychology2/node_modules/egg-logrotator/app/schedule/clean_log.js
2020-06-10 11:33:25,868 INFO 7040 [egg-schedule]: register schedule /Users/yuakira/dev/projects/Psychology2/node_modules/egg-logrotator/app/schedule/rotate_by_file.js
2020-06-10 11:34:03,483 INFO 7064 [egg-schedule]: register schedule /Users/yuakira/dev/projects/Psychology2/node_modules/egg-multipart/app/schedule/clean_tmpdir.js
2020-06-10 11:34:03,483 INFO 7064 [egg-schedule]: register schedule /Users/yuakira/dev/projects/Psychology2/node_modules/egg-logrotator/app/schedule/clean_log.js
2020-06-10 11:34:03,483 INFO 7064 [egg-schedule]: register schedule /Users/yuakira/dev/projects/Psychology2/node_modules/egg-logrotator/app/schedule/rotate_by_file.js
2020-06-10 11:35:06,749 INFO 7469 [egg-schedule]: register schedule /Users/yuakira/dev/projects/Psychology2/node_modules/egg-multipart/app/schedule/clean_tmpdir.js
2020-06-10 11:35:06,749 INFO 7469 [egg-schedule]: register schedule /Users/yuakira/dev/projects/Psychology2/node_modules/egg-logrotator/app/schedule/clean_log.js
2020-06-10 11:35:06,749 INFO 7469 [egg-schedule]: register schedule /Users/yuakira/dev/projects/Psychology2/node_modules/egg-logrotator/app/schedule/rotate_by_file.js
2020-06-10 11:36:01,314 INFO 7854 [egg-schedule]: register schedule /Users/yuakira/dev/projects/Psychology2/node_modules/egg-multipart/app/schedule/clean_tmpdir.js
2020-06-10 11:36:01,314 INFO 7854 [egg-schedule]: register schedule /Users/yuakira/dev/projects/Psychology2/node_modules/egg-logrotator/app/schedule/clean_log.js
2020-06-10 11:36:01,314 INFO 7854 [egg-schedule]: register schedule /Users/yuakira/dev/projects/Psychology2/node_modules/egg-logrotator/app/schedule/rotate_by_file.js
2020-06-10 11:37:07,926 INFO 8259 [egg-schedule]: register schedule /Users/yuakira/dev/projects/Psychology2/node_modules/egg-multipart/app/schedule/clean_tmpdir.js
2020-06-10 11:37:07,926 INFO 8259 [egg-schedule]: register schedule /Users/yuakira/dev/projects/Psychology2/node_modules/egg-logrotator/app/schedule/clean_log.js
2020-06-10 11:37:07,926 INFO 8259 [egg-schedule]: register schedule /Users/yuakira/dev/projects/Psychology2/node_modules/egg-logrotator/app/schedule/rotate_by_file.js
2020-06-10 11:41:22,029 INFO 8687 [egg-schedule]: register schedule /Users/yuakira/dev/projects/Psychology2/node_modules/egg-multipart/app/schedule/clean_tmpdir.js
2020-06-10 11:41:22,029 INFO 8687 [egg-schedule]: register schedule /Users/yuakira/dev/projects/Psychology2/node_modules/egg-logrotator/app/schedule/clean_log.js
2020-06-10 11:41:22,029 INFO 8687 [egg-schedule]: register schedule /Users/yuakira/dev/projects/Psychology2/node_modules/egg-logrotator/app/schedule/rotate_by_file.js
2020-06-10 11:47:43,001 INFO 9176 [egg-schedule]: register schedule /Users/yuakira/dev/projects/Psychology2/node_modules/egg-multipart/app/schedule/clean_tmpdir.js
2020-06-10 11:47:43,002 INFO 9176 [egg-schedule]: register schedule /Users/yuakira/dev/projects/Psychology2/node_modules/egg-logrotator/app/schedule/clean_log.js
2020-06-10 11:47:43,002 INFO 9176 [egg-schedule]: register schedule /Users/yuakira/dev/projects/Psychology2/node_modules/egg-logrotator/app/schedule/rotate_by_file.js
2020-06-10 11:47:51,222 INFO 9198 [egg-schedule]: register schedule /Users/yuakira/dev/projects/Psychology2/node_modules/egg-multipart/app/schedule/clean_tmpdir.js
2020-06-10 11:47:51,222 INFO 9198 [egg-schedule]: register schedule /Users/yuakira/dev/projects/Psychology2/node_modules/egg-logrotator/app/schedule/clean_log.js
2020-06-10 11:47:51,222 INFO 9198 [egg-schedule]: register schedule /Users/yuakira/dev/projects/Psychology2/node_modules/egg-logrotator/app/schedule/rotate_by_file.js
2020-06-10 11:48:07,964 INFO 9875 [egg-schedule]: register schedule /Users/yuakira/dev/projects/Psychology2/node_modules/egg-multipart/app/schedule/clean_tmpdir.js
2020-06-10 11:48:07,964 INFO 9875 [egg-schedule]: register schedule /Users/yuakira/dev/projects/Psychology2/node_modules/egg-logrotator/app/schedule/clean_log.js
2020-06-10 11:48:07,964 INFO 9875 [egg-schedule]: register schedule /Users/yuakira/dev/projects/Psychology2/node_modules/egg-logrotator/app/schedule/rotate_by_file.js
2020-06-10 11:48:19,196 INFO 10259 [egg-schedule]: register schedule /Users/yuakira/dev/projects/Psychology2/node_modules/egg-multipart/app/schedule/clean_tmpdir.js
2020-06-10 11:48:19,196 INFO 10259 [egg-schedule]: register schedule /Users/yuakira/dev/projects/Psychology2/node_modules/egg-logrotator/app/schedule/clean_log.js
2020-06-10 11:48:19,196 INFO 10259 [egg-schedule]: register schedule /Users/yuakira/dev/projects/Psychology2/node_modules/egg-logrotator/app/schedule/rotate_by_file.js
2020-06-10 11:48:32,849 INFO 10644 [egg-schedule]: register schedule /Users/yuakira/dev/projects/Psychology2/node_modules/egg-multipart/app/schedule/clean_tmpdir.js
2020-06-10 11:48:32,849 INFO 10644 [egg-schedule]: register schedule /Users/yuakira/dev/projects/Psychology2/node_modules/egg-logrotator/app/schedule/clean_log.js
2020-06-10 11:48:32,849 INFO 10644 [egg-schedule]: register schedule /Users/yuakira/dev/projects/Psychology2/node_modules/egg-logrotator/app/schedule/rotate_by_file.js
2020-06-10 11:49:00,940 INFO 10676 [egg-schedule]: register schedule /Users/yuakira/dev/projects/Psychology2/node_modules/egg-multipart/app/schedule/clean_tmpdir.js
2020-06-10 11:49:00,940 INFO 10676 [egg-schedule]: register schedule /Users/yuakira/dev/projects/Psychology2/node_modules/egg-logrotator/app/schedule/clean_log.js
2020-06-10 11:49:00,940 INFO 10676 [egg-schedule]: register schedule /Users/yuakira/dev/projects/Psychology2/node_modules/egg-logrotator/app/schedule/rotate_by_file.js
2020-06-10 11:49:35,385 INFO 10707 [egg-schedule]: register schedule /Users/yuakira/dev/projects/Psychology2/node_modules/egg-multipart/app/schedule/clean_tmpdir.js
2020-06-10 11:49:35,385 INFO 10707 [egg-schedule]: register schedule /Users/yuakira/dev/projects/Psychology2/node_modules/egg-logrotator/app/schedule/clean_log.js
2020-06-10 11:49:35,386 INFO 10707 [egg-schedule]: register schedule /Users/yuakira/dev/projects/Psychology2/node_modules/egg-logrotator/app/schedule/rotate_by_file.js
2020-06-10 15:26:29,647 INFO 12643 [egg-schedule]: register schedule /Users/yuakira/dev/projects/Psychology2/node_modules/egg-multipart/app/schedule/clean_tmpdir.js
2020-06-10 15:26:29,648 INFO 12643 [egg-schedule]: register schedule /Users/yuakira/dev/projects/Psychology2/node_modules/egg-logrotator/app/schedule/clean_log.js
2020-06-10 15:26:29,648 INFO 12643 [egg-schedule]: register schedule /Users/yuakira/dev/projects/Psychology2/node_modules/egg-logrotator/app/schedule/rotate_by_file.js
2020-06-10 15:26:36,647 INFO 12673 [egg-schedule]: register schedule /Users/yuakira/dev/projects/Psychology2/node_modules/egg-multipart/app/schedule/clean_tmpdir.js
2020-06-10 15:26:36,648 INFO 12673 [egg-schedule]: register schedule /Users/yuakira/dev/projects/Psychology2/node_modules/egg-logrotator/app/schedule/clean_log.js
2020-06-10 15:26:36,648 INFO 12673 [egg-schedule]: register schedule /Users/yuakira/dev/projects/Psychology2/node_modules/egg-logrotator/app/schedule/rotate_by_file.js
2020-06-10 15:29:21,245 INFO 12711 [egg-schedule]: register schedule /Users/yuakira/dev/projects/Psychology2/node_modules/egg-multipart/app/schedule/clean_tmpdir.js
2020-06-10 15:29:21,245 INFO 12711 [egg-schedule]: register schedule /Users/yuakira/dev/projects/Psychology2/node_modules/egg-logrotator/app/schedule/clean_log.js
2020-06-10 15:29:21,245 INFO 12711 [egg-schedule]: register schedule /Users/yuakira/dev/projects/Psychology2/node_modules/egg-logrotator/app/schedule/rotate_by_file.js
2020-06-10 15:29:59,389 INFO 12740 [egg-schedule]: register schedule /Users/yuakira/dev/projects/Psychology2/node_modules/egg-multipart/app/schedule/clean_tmpdir.js
2020-06-10 15:29:59,389 INFO 12740 [egg-schedule]: register schedule /Users/yuakira/dev/projects/Psychology2/node_modules/egg-logrotator/app/schedule/clean_log.js
2020-06-10 15:29:59,389 INFO 12740 [egg-schedule]: register schedule /Users/yuakira/dev/projects/Psychology2/node_modules/egg-logrotator/app/schedule/rotate_by_file.js
2020-06-10 15:30:07,623 INFO 12765 [egg-schedule]: register schedule /Users/yuakira/dev/projects/Psychology2/node_modules/egg-multipart/app/schedule/clean_tmpdir.js
2020-06-10 15:30:07,623 INFO 12765 [egg-schedule]: register schedule /Users/yuakira/dev/projects/Psychology2/node_modules/egg-logrotator/app/schedule/clean_log.js
2020-06-10 15:30:07,623 INFO 12765 [egg-schedule]: register schedule /Users/yuakira/dev/projects/Psychology2/node_modules/egg-logrotator/app/schedule/rotate_by_file.js
2020-06-10 15:31:01,167 INFO 12789 [egg-schedule]: register schedule /Users/yuakira/dev/projects/Psychology2/node_modules/egg-multipart/app/schedule/clean_tmpdir.js
2020-06-10 15:31:01,168 INFO 12789 [egg-schedule]: register schedule /Users/yuakira/dev/projects/Psychology2/node_modules/egg-logrotator/app/schedule/clean_log.js
2020-06-10 15:31:01,168 INFO 12789 [egg-schedule]: register schedule /Users/yuakira/dev/projects/Psychology2/node_modules/egg-logrotator/app/schedule/rotate_by_file.js
2020-06-10 15:31:14,831 INFO 12817 [egg-schedule]: register schedule /Users/yuakira/dev/projects/Psychology2/node_modules/egg-multipart/app/schedule/clean_tmpdir.js
2020-06-10 15:31:14,831 INFO 12817 [egg-schedule]: register schedule /Users/yuakira/dev/projects/Psychology2/node_modules/egg-logrotator/app/schedule/clean_log.js
2020-06-10 15:31:14,831 INFO 12817 [egg-schedule]: register schedule /Users/yuakira/dev/projects/Psychology2/node_modules/egg-logrotator/app/schedule/rotate_by_file.js
2020-06-10 15:32:04,228 INFO 12849 [egg-schedule]: register schedule /Users/yuakira/dev/projects/Psychology2/node_modules/egg-multipart/app/schedule/clean_tmpdir.js
2020-06-10 15:32:04,228 INFO 12849 [egg-schedule]: register schedule /Users/yuakira/dev/projects/Psychology2/node_modules/egg-logrotator/app/schedule/clean_log.js
2020-06-10 15:32:04,228 INFO 12849 [egg-schedule]: register schedule /Users/yuakira/dev/projects/Psychology2/node_modules/egg-logrotator/app/schedule/rotate_by_file.js
2020-06-10 15:32:36,789 INFO 12877 [egg-schedule]: register schedule /Users/yuakira/dev/projects/Psychology2/node_modules/egg-multipart/app/schedule/clean_tmpdir.js
2020-06-10 15:32:36,789 INFO 12877 [egg-schedule]: register schedule /Users/yuakira/dev/projects/Psychology2/node_modules/egg-logrotator/app/schedule/clean_log.js
2020-06-10 15:32:36,789 INFO 12877 [egg-schedule]: register schedule /Users/yuakira/dev/projects/Psychology2/node_modules/egg-logrotator/app/schedule/rotate_by_file.js
2020-06-10 15:33:05,660 INFO 12902 [egg-schedule]: register schedule /Users/yuakira/dev/projects/Psychology2/node_modules/egg-multipart/app/schedule/clean_tmpdir.js
2020-06-10 15:33:05,660 INFO 12902 [egg-schedule]: register schedule /Users/yuakira/dev/projects/Psychology2/node_modules/egg-logrotator/app/schedule/clean_log.js
2020-06-10 15:33:05,660 INFO 12902 [egg-schedule]: register schedule /Users/yuakira/dev/projects/Psychology2/node_modules/egg-logrotator/app/schedule/rotate_by_file.js
2020-06-10 15:33:31,801 INFO 12928 [egg-schedule]: register schedule /Users/yuakira/dev/projects/Psychology2/node_modules/egg-multipart/app/schedule/clean_tmpdir.js
2020-06-10 15:33:31,801 INFO 12928 [egg-schedule]: register schedule /Users/yuakira/dev/projects/Psychology2/node_modules/egg-logrotator/app/schedule/clean_log.js
2020-06-10 15:33:31,801 INFO 12928 [egg-schedule]: register schedule /Users/yuakira/dev/projects/Psychology2/node_modules/egg-logrotator/app/schedule/rotate_by_file.js
2020-06-10 15:33:45,753 INFO 12952 [egg-schedule]: register schedule /Users/yuakira/dev/projects/Psychology2/node_modules/egg-multipart/app/schedule/clean_tmpdir.js
2020-06-10 15:33:45,753 INFO 12952 [egg-schedule]: register schedule /Users/yuakira/dev/projects/Psychology2/node_modules/egg-logrotator/app/schedule/clean_log.js
2020-06-10 15:33:45,753 INFO 12952 [egg-schedule]: register schedule /Users/yuakira/dev/projects/Psychology2/node_modules/egg-logrotator/app/schedule/rotate_by_file.js
2020-06-10 15:34:27,066 INFO 12980 [egg-schedule]: register schedule /Users/yuakira/dev/projects/Psychology2/node_modules/egg-multipart/app/schedule/clean_tmpdir.js
2020-06-10 15:34:27,066 INFO 12980 [egg-schedule]: register schedule /Users/yuakira/dev/projects/Psychology2/node_modules/egg-logrotator/app/schedule/clean_log.js
2020-06-10 15:34:27,066 INFO 12980 [egg-schedule]: register schedule /Users/yuakira/dev/projects/Psychology2/node_modules/egg-logrotator/app/schedule/rotate_by_file.js
2020-06-10 15:34:43,916 INFO 13005 [egg-schedule]: register schedule /Users/yuakira/dev/projects/Psychology2/node_modules/egg-multipart/app/schedule/clean_tmpdir.js
2020-06-10 15:34:43,916 INFO 13005 [egg-schedule]: register schedule /Users/yuakira/dev/projects/Psychology2/node_modules/egg-logrotator/app/schedule/clean_log.js
2020-06-10 15:34:43,916 INFO 13005 [egg-schedule]: register schedule /Users/yuakira/dev/projects/Psychology2/node_modules/egg-logrotator/app/schedule/rotate_by_file.js
2020-06-10 15:35:57,468 INFO 13032 [egg-schedule]: register schedule /Users/yuakira/dev/projects/Psychology2/node_modules/egg-multipart/app/schedule/clean_tmpdir.js
2020-06-10 15:35:57,468 INFO 13032 [egg-schedule]: register schedule /Users/yuakira/dev/projects/Psychology2/node_modules/egg-logrotator/app/schedule/clean_log.js
2020-06-10 15:35:57,468 INFO 13032 [egg-schedule]: register schedule /Users/yuakira/dev/projects/Psychology2/node_modules/egg-logrotator/app/schedule/rotate_by_file.js
2020-06-10 15:36:52,237 INFO 13060 [egg-schedule]: register schedule /Users/yuakira/dev/projects/Psychology2/node_modules/egg-multipart/app/schedule/clean_tmpdir.js
2020-06-10 15:36:52,237 INFO 13060 [egg-schedule]: register schedule /Users/yuakira/dev/projects/Psychology2/node_modules/egg-logrotator/app/schedule/clean_log.js
2020-06-10 15:36:52,237 INFO 13060 [egg-schedule]: register schedule /Users/yuakira/dev/projects/Psychology2/node_modules/egg-logrotator/app/schedule/rotate_by_file.js
2020-06-10 15:38:14,842 INFO 13094 [egg-schedule]: register schedule /Users/yuakira/dev/projects/Psychology2/node_modules/egg-multipart/app/schedule/clean_tmpdir.js
2020-06-10 15:38:14,842 INFO 13094 [egg-schedule]: register schedule /Users/yuakira/dev/projects/Psychology2/node_modules/egg-logrotator/app/schedule/clean_log.js
2020-06-10 15:38:14,842 INFO 13094 [egg-schedule]: register schedule /Users/yuakira/dev/projects/Psychology2/node_modules/egg-logrotator/app/schedule/rotate_by_file.js
2020-06-10 15:39:29,745 INFO 13125 [egg-schedule]: register schedule /Users/yuakira/dev/projects/Psychology2/node_modules/egg-multipart/app/schedule/clean_tmpdir.js
2020-06-10 15:39:29,745 INFO 13125 [egg-schedule]: register schedule /Users/yuakira/dev/projects/Psychology2/node_modules/egg-logrotator/app/schedule/clean_log.js
2020-06-10 15:39:29,745 INFO 13125 [egg-schedule]: register schedule /Users/yuakira/dev/projects/Psychology2/node_modules/egg-logrotator/app/schedule/rotate_by_file.js
2020-06-10 15:39:31,869 INFO 13136 [egg-schedule]: register schedule /Users/yuakira/dev/projects/Psychology2/node_modules/egg-multipart/app/schedule/clean_tmpdir.js
2020-06-10 15:39:31,870 INFO 13136 [egg-schedule]: register schedule /Users/yuakira/dev/projects/Psychology2/node_modules/egg-logrotator/app/schedule/clean_log.js
2020-06-10 15:39:31,870 INFO 13136 [egg-schedule]: register schedule /Users/yuakira/dev/projects/Psychology2/node_modules/egg-logrotator/app/schedule/rotate_by_file.js
2020-06-10 15:39:51,726 INFO 13151 [egg-schedule]: register schedule /Users/yuakira/dev/projects/Psychology2/node_modules/egg-multipart/app/schedule/clean_tmpdir.js
2020-06-10 15:39:51,727 INFO 13151 [egg-schedule]: register schedule /Users/yuakira/dev/projects/Psychology2/node_modules/egg-logrotator/app/schedule/clean_log.js
2020-06-10 15:39:51,727 INFO 13151 [egg-schedule]: register schedule /Users/yuakira/dev/projects/Psychology2/node_modules/egg-logrotator/app/schedule/rotate_by_file.js
2020-06-10 15:40:18,488 INFO 13175 [egg-schedule]: register schedule /Users/yuakira/dev/projects/Psychology2/node_modules/egg-multipart/app/schedule/clean_tmpdir.js
2020-06-10 15:40:18,488 INFO 13175 [egg-schedule]: register schedule /Users/yuakira/dev/projects/Psychology2/node_modules/egg-logrotator/app/schedule/clean_log.js
2020-06-10 15:40:18,488 INFO 13175 [egg-schedule]: register schedule /Users/yuakira/dev/projects/Psychology2/node_modules/egg-logrotator/app/schedule/rotate_by_file.js
2020-06-10 15:40:38,642 INFO 13203 [egg-schedule]: register schedule /Users/yuakira/dev/projects/Psychology2/node_modules/egg-multipart/app/schedule/clean_tmpdir.js
2020-06-10 15:40:38,642 INFO 13203 [egg-schedule]: register schedule /Users/yuakira/dev/projects/Psychology2/node_modules/egg-logrotator/app/schedule/clean_log.js
2020-06-10 15:40:38,642 INFO 13203 [egg-schedule]: register schedule /Users/yuakira/dev/projects/Psychology2/node_modules/egg-logrotator/app/schedule/rotate_by_file.js
2020-06-10 15:41:41,315 INFO 13238 [egg-schedule]: register schedule /Users/yuakira/dev/projects/Psychology2/node_modules/egg-multipart/app/schedule/clean_tmpdir.js
2020-06-10 15:41:41,315 INFO 13238 [egg-schedule]: register schedule /Users/yuakira/dev/projects/Psychology2/node_modules/egg-logrotator/app/schedule/clean_log.js
2020-06-10 15:41:41,315 INFO 13238 [egg-schedule]: register schedule /Users/yuakira/dev/projects/Psychology2/node_modules/egg-logrotator/app/schedule/rotate_by_file.js
2020-06-10 15:42:15,599 INFO 13276 [egg-schedule]: register schedule /Users/yuakira/dev/projects/Psychology2/node_modules/egg-multipart/app/schedule/clean_tmpdir.js
2020-06-10 15:42:15,599 INFO 13276 [egg-schedule]: register schedule /Users/yuakira/dev/projects/Psychology2/node_modules/egg-logrotator/app/schedule/clean_log.js
2020-06-10 15:42:15,599 INFO 13276 [egg-schedule]: register schedule /Users/yuakira/dev/projects/Psychology2/node_modules/egg-logrotator/app/schedule/rotate_by_file.js
2020-06-10 15:42:27,876 INFO 13297 [egg-schedule]: register schedule /Users/yuakira/dev/projects/Psychology2/node_modules/egg-multipart/app/schedule/clean_tmpdir.js
2020-06-10 15:42:27,876 INFO 13297 [egg-schedule]: register schedule /Users/yuakira/dev/projects/Psychology2/node_modules/egg-logrotator/app/schedule/clean_log.js
2020-06-10 15:42:27,876 INFO 13297 [egg-schedule]: register schedule /Users/yuakira/dev/projects/Psychology2/node_modules/egg-logrotator/app/schedule/rotate_by_file.js
2020-06-10 15:42:35,742 INFO 13321 [egg-schedule]: register schedule /Users/yuakira/dev/projects/Psychology2/node_modules/egg-multipart/app/schedule/clean_tmpdir.js
2020-06-10 15:42:35,742 INFO 13321 [egg-schedule]: register schedule /Users/yuakira/dev/projects/Psychology2/node_modules/egg-logrotator/app/schedule/clean_log.js
2020-06-10 15:42:35,742 INFO 13321 [egg-schedule]: register schedule /Users/yuakira/dev/projects/Psychology2/node_modules/egg-logrotator/app/schedule/rotate_by_file.js
2020-06-10 15:42:57,252 INFO 13337 [egg-schedule]: register schedule /Users/yuakira/dev/projects/Psychology2/node_modules/egg-multipart/app/schedule/clean_tmpdir.js
2020-06-10 15:42:57,252 INFO 13337 [egg-schedule]: register schedule /Users/yuakira/dev/projects/Psychology2/node_modules/egg-logrotator/app/schedule/clean_log.js
2020-06-10 15:42:57,252 INFO 13337 [egg-schedule]: register schedule /Users/yuakira/dev/projects/Psychology2/node_modules/egg-logrotator/app/schedule/rotate_by_file.js
2020-06-10 15:43:04,237 INFO 13361 [egg-schedule]: register schedule /Users/yuakira/dev/projects/Psychology2/node_modules/egg-multipart/app/schedule/clean_tmpdir.js
2020-06-10 15:43:04,237 INFO 13361 [egg-schedule]: register schedule /Users/yuakira/dev/projects/Psychology2/node_modules/egg-logrotator/app/schedule/clean_log.js
2020-06-10 15:43:04,237 INFO 13361 [egg-schedule]: register schedule /Users/yuakira/dev/projects/Psychology2/node_modules/egg-logrotator/app/schedule/rotate_by_file.js
2020-06-10 15:43:36,554 INFO 13383 [egg-schedule]: register schedule /Users/yuakira/dev/projects/Psychology2/node_modules/egg-multipart/app/schedule/clean_tmpdir.js
2020-06-10 15:43:36,554 INFO 13383 [egg-schedule]: register schedule /Users/yuakira/dev/projects/Psychology2/node_modules/egg-logrotator/app/schedule/clean_log.js
2020-06-10 15:43:36,554 INFO 13383 [egg-schedule]: register schedule /Users/yuakira/dev/projects/Psychology2/node_modules/egg-logrotator/app/schedule/rotate_by_file.js
2020-06-10 15:43:38,808 INFO 13394 [egg-schedule]: register schedule /Users/yuakira/dev/projects/Psychology2/node_modules/egg-multipart/app/schedule/clean_tmpdir.js
2020-06-10 15:43:38,808 INFO 13394 [egg-schedule]: register schedule /Users/yuakira/dev/projects/Psychology2/node_modules/egg-logrotator/app/schedule/clean_log.js
2020-06-10 15:43:38,808 INFO 13394 [egg-schedule]: register schedule /Users/yuakira/dev/projects/Psychology2/node_modules/egg-logrotator/app/schedule/rotate_by_file.js
2020-06-10 15:44:35,310 INFO 13415 [egg-schedule]: register schedule /Users/yuakira/dev/projects/Psychology2/node_modules/egg-multipart/app/schedule/clean_tmpdir.js
2020-06-10 15:44:35,310 INFO 13415 [egg-schedule]: register schedule /Users/yuakira/dev/projects/Psychology2/node_modules/egg-logrotator/app/schedule/clean_log.js
2020-06-10 15:44:35,310 INFO 13415 [egg-schedule]: register schedule /Users/yuakira/dev/projects/Psychology2/node_modules/egg-logrotator/app/schedule/rotate_by_file.js
2020-06-10 15:45:14,596 INFO 13439 [egg-schedule]: register schedule /Users/yuakira/dev/projects/Psychology2/node_modules/egg-multipart/app/schedule/clean_tmpdir.js
2020-06-10 15:45:14,596 INFO 13439 [egg-schedule]: register schedule /Users/yuakira/dev/projects/Psychology2/node_modules/egg-logrotator/app/schedule/clean_log.js
2020-06-10 15:45:14,596 INFO 13439 [egg-schedule]: register schedule /Users/yuakira/dev/projects/Psychology2/node_modules/egg-logrotator/app/schedule/rotate_by_file.js
2020-06-10 15:45:27,679 INFO 13460 [egg-schedule]: register schedule /Users/yuakira/dev/projects/Psychology2/node_modules/egg-multipart/app/schedule/clean_tmpdir.js
2020-06-10 15:45:27,680 INFO 13460 [egg-schedule]: register schedule /Users/yuakira/dev/projects/Psychology2/node_modules/egg-logrotator/app/schedule/clean_log.js
2020-06-10 15:45:27,680 INFO 13460 [egg-schedule]: register schedule /Users/yuakira/dev/projects/Psychology2/node_modules/egg-logrotator/app/schedule/rotate_by_file.js
2020-06-10 15:46:15,481 INFO 13488 [egg-schedule]: register schedule /Users/yuakira/dev/projects/Psychology2/node_modules/egg-multipart/app/schedule/clean_tmpdir.js
2020-06-10 15:46:15,481 INFO 13488 [egg-schedule]: register schedule /Users/yuakira/dev/projects/Psychology2/node_modules/egg-logrotator/app/schedule/clean_log.js
2020-06-10 15:46:15,481 INFO 13488 [egg-schedule]: register schedule /Users/yuakira/dev/projects/Psychology2/node_modules/egg-logrotator/app/schedule/rotate_by_file.js
2020-06-10 15:46:24,137 INFO 13509 [egg-schedule]: register schedule /Users/yuakira/dev/projects/Psychology2/node_modules/egg-multipart/app/schedule/clean_tmpdir.js
2020-06-10 15:46:24,137 INFO 13509 [egg-schedule]: register schedule /Users/yuakira/dev/projects/Psychology2/node_modules/egg-logrotator/app/schedule/clean_log.js
2020-06-10 15:46:24,137 INFO 13509 [egg-schedule]: register schedule /Users/yuakira/dev/projects/Psychology2/node_modules/egg-logrotator/app/schedule/rotate_by_file.js
2020-06-10 15:46:41,461 INFO 13533 [egg-schedule]: register schedule /Users/yuakira/dev/projects/Psychology2/node_modules/egg-multipart/app/schedule/clean_tmpdir.js
2020-06-10 15:46:41,461 INFO 13533 [egg-schedule]: register schedule /Users/yuakira/dev/projects/Psychology2/node_modules/egg-logrotator/app/schedule/clean_log.js
2020-06-10 15:46:41,461 INFO 13533 [egg-schedule]: register schedule /Users/yuakira/dev/projects/Psychology2/node_modules/egg-logrotator/app/schedule/rotate_by_file.js
2020-06-10 15:47:28,745 INFO 13557 [egg-schedule]: register schedule /Users/yuakira/dev/projects/Psychology2/node_modules/egg-multipart/app/schedule/clean_tmpdir.js
2020-06-10 15:47:28,745 INFO 13557 [egg-schedule]: register schedule /Users/yuakira/dev/projects/Psychology2/node_modules/egg-logrotator/app/schedule/clean_log.js
2020-06-10 15:47:28,745 INFO 13557 [egg-schedule]: register schedule /Users/yuakira/dev/projects/Psychology2/node_modules/egg-logrotator/app/schedule/rotate_by_file.js
2020-06-10 15:47:41,716 INFO 13581 [egg-schedule]: register schedule /Users/yuakira/dev/projects/Psychology2/node_modules/egg-multipart/app/schedule/clean_tmpdir.js
2020-06-10 15:47:41,716 INFO 13581 [egg-schedule]: register schedule /Users/yuakira/dev/projects/Psychology2/node_modules/egg-logrotator/app/schedule/clean_log.js
2020-06-10 15:47:41,716 INFO 13581 [egg-schedule]: register schedule /Users/yuakira/dev/projects/Psychology2/node_modules/egg-logrotator/app/schedule/rotate_by_file.js
2020-06-10 15:48:48,268 INFO 13609 [egg-schedule]: register schedule /Users/yuakira/dev/projects/Psychology2/node_modules/egg-multipart/app/schedule/clean_tmpdir.js
2020-06-10 15:48:48,268 INFO 13609 [egg-schedule]: register schedule /Users/yuakira/dev/projects/Psychology2/node_modules/egg-logrotator/app/schedule/clean_log.js
2020-06-10 15:48:48,268 INFO 13609 [egg-schedule]: register schedule /Users/yuakira/dev/projects/Psychology2/node_modules/egg-logrotator/app/schedule/rotate_by_file.js
2020-06-10 15:48:54,598 INFO 13628 [egg-schedule]: register schedule /Users/yuakira/dev/projects/Psychology2/node_modules/egg-multipart/app/schedule/clean_tmpdir.js
2020-06-10 15:48:54,598 INFO 13628 [egg-schedule]: register schedule /Users/yuakira/dev/projects/Psychology2/node_modules/egg-logrotator/app/schedule/clean_log.js
2020-06-10 15:48:54,598 INFO 13628 [egg-schedule]: register schedule /Users/yuakira/dev/projects/Psychology2/node_modules/egg-logrotator/app/schedule/rotate_by_file.js
2020-06-10 15:50:12,333 INFO 13654 [egg-schedule]: register schedule /Users/yuakira/dev/projects/Psychology2/node_modules/egg-multipart/app/schedule/clean_tmpdir.js
2020-06-10 15:50:12,333 INFO 13654 [egg-schedule]: register schedule /Users/yuakira/dev/projects/Psychology2/node_modules/egg-logrotator/app/schedule/clean_log.js
2020-06-10 15:50:12,333 INFO 13654 [egg-schedule]: register schedule /Users/yuakira/dev/projects/Psychology2/node_modules/egg-logrotator/app/schedule/rotate_by_file.js
2020-06-10 15:50:53,021 INFO 13682 [egg-schedule]: register schedule /Users/yuakira/dev/projects/Psychology2/node_modules/egg-multipart/app/schedule/clean_tmpdir.js
2020-06-10 15:50:53,021 INFO 13682 [egg-schedule]: register schedule /Users/yuakira/dev/projects/Psychology2/node_modules/egg-logrotator/app/schedule/clean_log.js
2020-06-10 15:50:53,021 INFO 13682 [egg-schedule]: register schedule /Users/yuakira/dev/projects/Psychology2/node_modules/egg-logrotator/app/schedule/rotate_by_file.js
2020-06-10 15:51:01,782 INFO 13703 [egg-schedule]: register schedule /Users/yuakira/dev/projects/Psychology2/node_modules/egg-multipart/app/schedule/clean_tmpdir.js
2020-06-10 15:51:01,782 INFO 13703 [egg-schedule]: register schedule /Users/yuakira/dev/projects/Psychology2/node_modules/egg-logrotator/app/schedule/clean_log.js
2020-06-10 15:51:01,782 INFO 13703 [egg-schedule]: register schedule /Users/yuakira/dev/projects/Psychology2/node_modules/egg-logrotator/app/schedule/rotate_by_file.js
2020-06-10 15:51:44,003 INFO 13738 [egg-schedule]: register schedule /Users/yuakira/dev/projects/Psychology2/node_modules/egg-multipart/app/schedule/clean_tmpdir.js
2020-06-10 15:51:44,003 INFO 13738 [egg-schedule]: register schedule /Users/yuakira/dev/projects/Psychology2/node_modules/egg-logrotator/app/schedule/clean_log.js
2020-06-10 15:51:44,003 INFO 13738 [egg-schedule]: register schedule /Users/yuakira/dev/projects/Psychology2/node_modules/egg-logrotator/app/schedule/rotate_by_file.js
2020-06-10 15:51:52,422 INFO 13759 [egg-schedule]: register schedule /Users/yuakira/dev/projects/Psychology2/node_modules/egg-multipart/app/schedule/clean_tmpdir.js
2020-06-10 15:51:52,422 INFO 13759 [egg-schedule]: register schedule /Users/yuakira/dev/projects/Psychology2/node_modules/egg-logrotator/app/schedule/clean_log.js
2020-06-10 15:51:52,422 INFO 13759 [egg-schedule]: register schedule /Users/yuakira/dev/projects/Psychology2/node_modules/egg-logrotator/app/schedule/rotate_by_file.js
2020-06-10 15:53:24,353 INFO 13801 [egg-schedule]: register schedule /Users/yuakira/dev/projects/Psychology2/node_modules/egg-multipart/app/schedule/clean_tmpdir.js
2020-06-10 15:53:24,353 INFO 13801 [egg-schedule]: register schedule /Users/yuakira/dev/projects/Psychology2/node_modules/egg-logrotator/app/schedule/clean_log.js
2020-06-10 15:53:24,353 INFO 13801 [egg-schedule]: register schedule /Users/yuakira/dev/projects/Psychology2/node_modules/egg-logrotator/app/schedule/rotate_by_file.js
2020-06-10 15:54:16,724 INFO 13875 [egg-schedule]: register schedule /Users/yuakira/dev/projects/Psychology2/node_modules/egg-multipart/app/schedule/clean_tmpdir.js
2020-06-10 15:54:16,724 INFO 13875 [egg-schedule]: register schedule /Users/yuakira/dev/projects/Psychology2/node_modules/egg-logrotator/app/schedule/clean_log.js
2020-06-10 15:54:16,724 INFO 13875 [egg-schedule]: register schedule /Users/yuakira/dev/projects/Psychology2/node_modules/egg-logrotator/app/schedule/rotate_by_file.js
2020-06-10 15:54:40,555 INFO 13904 [egg-schedule]: register schedule /Users/yuakira/dev/projects/Psychology2/node_modules/egg-multipart/app/schedule/clean_tmpdir.js
2020-06-10 15:54:40,555 INFO 13904 [egg-schedule]: register schedule /Users/yuakira/dev/projects/Psychology2/node_modules/egg-logrotator/app/schedule/clean_log.js
2020-06-10 15:54:40,555 INFO 13904 [egg-schedule]: register schedule /Users/yuakira/dev/projects/Psychology2/node_modules/egg-logrotator/app/schedule/rotate_by_file.js
2020-06-10 15:56:11,798 INFO 13963 [Timer] /Users/yuakira/dev/projects/Psychology2/node_modules/egg-multipart/app/schedule/clean_tmpdir.js next time will execute after 45228205ms at 2020-06-11 04:30:00.003
2020-06-10 15:56:11,798 INFO 13963 [Timer] /Users/yuakira/dev/projects/Psychology2/node_modules/egg-logrotator/app/schedule/clean_log.js next time will execute after 29028202ms at 2020-06-11 00:00:00.000
2020-06-10 15:56:11,798 INFO 13963 [Timer] /Users/yuakira/dev/projects/Psychology2/node_modules/egg-logrotator/app/schedule/rotate_by_file.js next time will execute after 29029202ms at 2020-06-11 00:00:01.000
2020-06-10 15:56:11,506 INFO 13964 [egg-schedule]: register schedule /Users/yuakira/dev/projects/Psychology2/node_modules/egg-multipart/app/schedule/clean_tmpdir.js
2020-06-10 15:56:11,506 INFO 13964 [egg-schedule]: register schedule /Users/yuakira/dev/projects/Psychology2/node_modules/egg-logrotator/app/schedule/clean_log.js
2020-06-10 15:56:11,506 INFO 13964 [egg-schedule]: register schedule /Users/yuakira/dev/projects/Psychology2/node_modules/egg-logrotator/app/schedule/rotate_by_file.js
2020-06-10 15:59:19,662 INFO 14016 [egg-schedule]: register schedule /Users/yuakira/dev/projects/Psychology2/node_modules/egg-multipart/app/schedule/clean_tmpdir.js
2020-06-10 15:59:19,662 INFO 14016 [egg-schedule]: register schedule /Users/yuakira/dev/projects/Psychology2/node_modules/egg-logrotator/app/schedule/clean_log.js
2020-06-10 15:59:19,662 INFO 14016 [egg-schedule]: register schedule /Users/yuakira/dev/projects/Psychology2/node_modules/egg-logrotator/app/schedule/rotate_by_file.js
2020-06-10 15:59:55,904 INFO 14046 [egg-schedule]: register schedule /Users/yuakira/dev/projects/Psychology2/node_modules/egg-multipart/app/schedule/clean_tmpdir.js
2020-06-10 15:59:55,904 INFO 14046 [egg-schedule]: register schedule /Users/yuakira/dev/projects/Psychology2/node_modules/egg-logrotator/app/schedule/clean_log.js
2020-06-10 15:59:55,904 INFO 14046 [egg-schedule]: register schedule /Users/yuakira/dev/projects/Psychology2/node_modules/egg-logrotator/app/schedule/rotate_by_file.js
2020-06-10 16:01:35,262 INFO 14081 [egg-schedule]: register schedule /Users/yuakira/dev/projects/Psychology2/node_modules/egg-multipart/app/schedule/clean_tmpdir.js
2020-06-10 16:01:35,262 INFO 14081 [egg-schedule]: register schedule /Users/yuakira/dev/projects/Psychology2/node_modules/egg-logrotator/app/schedule/clean_log.js
2020-06-10 16:01:35,262 INFO 14081 [egg-schedule]: register schedule /Users/yuakira/dev/projects/Psychology2/node_modules/egg-logrotator/app/schedule/rotate_by_file.js
2020-06-10 16:02:11,404 INFO 14108 [egg-schedule]: register schedule /Users/yuakira/dev/projects/Psychology2/node_modules/egg-multipart/app/schedule/clean_tmpdir.js
2020-06-10 16:02:11,404 INFO 14108 [egg-schedule]: register schedule /Users/yuakira/dev/projects/Psychology2/node_modules/egg-logrotator/app/schedule/clean_log.js
2020-06-10 16:02:11,404 INFO 14108 [egg-schedule]: register schedule /Users/yuakira/dev/projects/Psychology2/node_modules/egg-logrotator/app/schedule/rotate_by_file.js
2020-06-10 16:02:54,358 INFO 14132 [egg-schedule]: register schedule /Users/yuakira/dev/projects/Psychology2/node_modules/egg-multipart/app/schedule/clean_tmpdir.js
2020-06-10 16:02:54,358 INFO 14132 [egg-schedule]: register schedule /Users/yuakira/dev/projects/Psychology2/node_modules/egg-logrotator/app/schedule/clean_log.js
2020-06-10 16:02:54,358 INFO 14132 [egg-schedule]: register schedule /Users/yuakira/dev/projects/Psychology2/node_modules/egg-logrotator/app/schedule/rotate_by_file.js
2020-06-10 16:03:23,373 INFO 14156 [egg-schedule]: register schedule /Users/yuakira/dev/projects/Psychology2/node_modules/egg-multipart/app/schedule/clean_tmpdir.js
2020-06-10 16:03:23,373 INFO 14156 [egg-schedule]: register schedule /Users/yuakira/dev/projects/Psychology2/node_modules/egg-logrotator/app/schedule/clean_log.js
2020-06-10 16:03:23,373 INFO 14156 [egg-schedule]: register schedule /Users/yuakira/dev/projects/Psychology2/node_modules/egg-logrotator/app/schedule/rotate_by_file.js
2020-06-10 16:03:58,491 INFO 14180 [egg-schedule]: register schedule /Users/yuakira/dev/projects/Psychology2/node_modules/egg-multipart/app/schedule/clean_tmpdir.js
2020-06-10 16:03:58,491 INFO 14180 [egg-schedule]: register schedule /Users/yuakira/dev/projects/Psychology2/node_modules/egg-logrotator/app/schedule/clean_log.js
2020-06-10 16:03:58,491 INFO 14180 [egg-schedule]: register schedule /Users/yuakira/dev/projects/Psychology2/node_modules/egg-logrotator/app/schedule/rotate_by_file.js
2020-06-10 16:11:50,216 INFO 14253 [egg-schedule]: register schedule /Users/yuakira/dev/projects/Psychology2/node_modules/egg-multipart/app/schedule/clean_tmpdir.js
2020-06-10 16:11:50,216 INFO 14253 [egg-schedule]: register schedule /Users/yuakira/dev/projects/Psychology2/node_modules/egg-logrotator/app/schedule/clean_log.js
2020-06-10 16:11:50,216 INFO 14253 [egg-schedule]: register schedule /Users/yuakira/dev/projects/Psychology2/node_modules/egg-logrotator/app/schedule/rotate_by_file.js
2020-06-10 16:14:08,777 INFO 14291 [egg-schedule]: register schedule /Users/yuakira/dev/projects/Psychology2/node_modules/egg-multipart/app/schedule/clean_tmpdir.js
2020-06-10 16:14:08,777 INFO 14291 [egg-schedule]: register schedule /Users/yuakira/dev/projects/Psychology2/node_modules/egg-logrotator/app/schedule/clean_log.js
2020-06-10 16:14:08,777 INFO 14291 [egg-schedule]: register schedule /Users/yuakira/dev/projects/Psychology2/node_modules/egg-logrotator/app/schedule/rotate_by_file.js
2020-06-10 16:14:16,939 INFO 14314 [egg-schedule]: register schedule /Users/yuakira/dev/projects/Psychology2/node_modules/egg-multipart/app/schedule/clean_tmpdir.js
2020-06-10 16:14:16,939 INFO 14314 [egg-schedule]: register schedule /Users/yuakira/dev/projects/Psychology2/node_modules/egg-logrotator/app/schedule/clean_log.js
2020-06-10 16:14:16,939 INFO 14314 [egg-schedule]: register schedule /Users/yuakira/dev/projects/Psychology2/node_modules/egg-logrotator/app/schedule/rotate_by_file.js
2020-06-10 16:17:42,996 INFO 14365 [egg-schedule]: register schedule /Users/yuakira/dev/projects/Psychology2/node_modules/egg-multipart/app/schedule/clean_tmpdir.js
2020-06-10 16:17:42,996 INFO 14365 [egg-schedule]: register schedule /Users/yuakira/dev/projects/Psychology2/node_modules/egg-logrotator/app/schedule/clean_log.js
2020-06-10 16:17:42,996 INFO 14365 [egg-schedule]: register schedule /Users/yuakira/dev/projects/Psychology2/node_modules/egg-logrotator/app/schedule/rotate_by_file.js
2020-06-10 16:18:20,232 INFO 14391 [egg-schedule]: register schedule /Users/yuakira/dev/projects/Psychology2/node_modules/egg-multipart/app/schedule/clean_tmpdir.js
2020-06-10 16:18:20,232 INFO 14391 [egg-schedule]: register schedule /Users/yuakira/dev/projects/Psychology2/node_modules/egg-logrotator/app/schedule/clean_log.js
2020-06-10 16:18:20,232 INFO 14391 [egg-schedule]: register schedule /Users/yuakira/dev/projects/Psychology2/node_modules/egg-logrotator/app/schedule/rotate_by_file.js
2020-06-10 16:19:34,768 INFO 14425 [egg-schedule]: register schedule /Users/yuakira/dev/projects/Psychology2/node_modules/egg-multipart/app/schedule/clean_tmpdir.js
2020-06-10 16:19:34,768 INFO 14425 [egg-schedule]: register schedule /Users/yuakira/dev/projects/Psychology2/node_modules/egg-logrotator/app/schedule/clean_log.js
2020-06-10 16:19:34,768 INFO 14425 [egg-schedule]: register schedule /Users/yuakira/dev/projects/Psychology2/node_modules/egg-logrotator/app/schedule/rotate_by_file.js
2020-06-10 16:22:56,531 INFO 14465 [egg-schedule]: register schedule /Users/yuakira/dev/projects/Psychology2/node_modules/egg-multipart/app/schedule/clean_tmpdir.js
2020-06-10 16:22:56,531 INFO 14465 [egg-schedule]: register schedule /Users/yuakira/dev/projects/Psychology2/node_modules/egg-logrotator/app/schedule/clean_log.js
2020-06-10 16:22:56,531 INFO 14465 [egg-schedule]: register schedule /Users/yuakira/dev/projects/Psychology2/node_modules/egg-logrotator/app/schedule/rotate_by_file.js
2020-06-10 16:30:16,396 INFO 14562 [egg-schedule]: register schedule /Users/yuakira/dev/projects/Psychology2/node_modules/egg-multipart/app/schedule/clean_tmpdir.js
2020-06-10 16:30:16,396 INFO 14562 [egg-schedule]: register schedule /Users/yuakira/dev/projects/Psychology2/node_modules/egg-logrotator/app/schedule/clean_log.js
2020-06-10 16:30:16,396 INFO 14562 [egg-schedule]: register schedule /Users/yuakira/dev/projects/Psychology2/node_modules/egg-logrotator/app/schedule/rotate_by_file.js
2020-06-10 16:31:01,918 INFO 14590 [egg-schedule]: register schedule /Users/yuakira/dev/projects/Psychology2/node_modules/egg-multipart/app/schedule/clean_tmpdir.js
2020-06-10 16:31:01,918 INFO 14590 [egg-schedule]: register schedule /Users/yuakira/dev/projects/Psychology2/node_modules/egg-logrotator/app/schedule/clean_log.js
2020-06-10 16:31:01,918 INFO 14590 [egg-schedule]: register schedule /Users/yuakira/dev/projects/Psychology2/node_modules/egg-logrotator/app/schedule/rotate_by_file.js
2020-06-10 16:31:40,521 INFO 14618 [egg-schedule]: register schedule /Users/yuakira/dev/projects/Psychology2/node_modules/egg-multipart/app/schedule/clean_tmpdir.js
2020-06-10 16:31:40,521 INFO 14618 [egg-schedule]: register schedule /Users/yuakira/dev/projects/Psychology2/node_modules/egg-logrotator/app/schedule/clean_log.js
2020-06-10 16:31:40,521 INFO 14618 [egg-schedule]: register schedule /Users/yuakira/dev/projects/Psychology2/node_modules/egg-logrotator/app/schedule/rotate_by_file.js
2020-06-10 16:31:44,381 INFO 14629 [egg-schedule]: register schedule /Users/yuakira/dev/projects/Psychology2/node_modules/egg-multipart/app/schedule/clean_tmpdir.js
2020-06-10 16:31:44,381 INFO 14629 [egg-schedule]: register schedule /Users/yuakira/dev/projects/Psychology2/node_modules/egg-logrotator/app/schedule/clean_log.js
2020-06-10 16:31:44,381 INFO 14629 [egg-schedule]: register schedule /Users/yuakira/dev/projects/Psychology2/node_modules/egg-logrotator/app/schedule/rotate_by_file.js
2020-06-10 16:31:55,400 INFO 14650 [egg-schedule]: register schedule /Users/yuakira/dev/projects/Psychology2/node_modules/egg-multipart/app/schedule/clean_tmpdir.js
2020-06-10 16:31:55,400 INFO 14650 [egg-schedule]: register schedule /Users/yuakira/dev/projects/Psychology2/node_modules/egg-logrotator/app/schedule/clean_log.js
2020-06-10 16:31:55,400 INFO 14650 [egg-schedule]: register schedule /Users/yuakira/dev/projects/Psychology2/node_modules/egg-logrotator/app/schedule/rotate_by_file.js
2020-06-10 16:32:14,688 INFO 14678 [egg-schedule]: register schedule /Users/yuakira/dev/projects/Psychology2/node_modules/egg-multipart/app/schedule/clean_tmpdir.js
2020-06-10 16:32:14,688 INFO 14678 [egg-schedule]: register schedule /Users/yuakira/dev/projects/Psychology2/node_modules/egg-logrotator/app/schedule/clean_log.js
2020-06-10 16:32:14,688 INFO 14678 [egg-schedule]: register schedule /Users/yuakira/dev/projects/Psychology2/node_modules/egg-logrotator/app/schedule/rotate_by_file.js
2020-06-10 16:32:24,074 INFO 14699 [egg-schedule]: register schedule /Users/yuakira/dev/projects/Psychology2/node_modules/egg-multipart/app/schedule/clean_tmpdir.js
2020-06-10 16:32:24,074 INFO 14699 [egg-schedule]: register schedule /Users/yuakira/dev/projects/Psychology2/node_modules/egg-logrotator/app/schedule/clean_log.js
2020-06-10 16:32:24,074 INFO 14699 [egg-schedule]: register schedule /Users/yuakira/dev/projects/Psychology2/node_modules/egg-logrotator/app/schedule/rotate_by_file.js
2020-06-10 16:32:35,057 INFO 14723 [egg-schedule]: register schedule /Users/yuakira/dev/projects/Psychology2/node_modules/egg-multipart/app/schedule/clean_tmpdir.js
2020-06-10 16:32:35,057 INFO 14723 [egg-schedule]: register schedule /Users/yuakira/dev/projects/Psychology2/node_modules/egg-logrotator/app/schedule/clean_log.js
2020-06-10 16:32:35,057 INFO 14723 [egg-schedule]: register schedule /Users/yuakira/dev/projects/Psychology2/node_modules/egg-logrotator/app/schedule/rotate_by_file.js
2020-06-10 16:33:26,983 INFO 14752 [egg-schedule]: register schedule /Users/yuakira/dev/projects/Psychology2/node_modules/egg-multipart/app/schedule/clean_tmpdir.js
2020-06-10 16:33:26,983 INFO 14752 [egg-schedule]: register schedule /Users/yuakira/dev/projects/Psychology2/node_modules/egg-logrotator/app/schedule/clean_log.js
2020-06-10 16:33:26,983 INFO 14752 [egg-schedule]: register schedule /Users/yuakira/dev/projects/Psychology2/node_modules/egg-logrotator/app/schedule/rotate_by_file.js
2020-06-10 16:34:22,984 INFO 14786 [egg-schedule]: register schedule /Users/yuakira/dev/projects/Psychology2/node_modules/egg-multipart/app/schedule/clean_tmpdir.js
2020-06-10 16:34:22,984 INFO 14786 [egg-schedule]: register schedule /Users/yuakira/dev/projects/Psychology2/node_modules/egg-logrotator/app/schedule/clean_log.js
2020-06-10 16:34:22,984 INFO 14786 [egg-schedule]: register schedule /Users/yuakira/dev/projects/Psychology2/node_modules/egg-logrotator/app/schedule/rotate_by_file.js
2020-06-10 16:34:57,000 INFO 14818 [egg-schedule]: register schedule /Users/yuakira/dev/projects/Psychology2/node_modules/egg-multipart/app/schedule/clean_tmpdir.js
2020-06-10 16:34:57,000 INFO 14818 [egg-schedule]: register schedule /Users/yuakira/dev/projects/Psychology2/node_modules/egg-logrotator/app/schedule/clean_log.js
2020-06-10 16:34:57,000 INFO 14818 [egg-schedule]: register schedule /Users/yuakira/dev/projects/Psychology2/node_modules/egg-logrotator/app/schedule/rotate_by_file.js
2020-06-10 16:35:08,315 INFO 14848 [egg-schedule]: register schedule /Users/yuakira/dev/projects/Psychology2/node_modules/egg-multipart/app/schedule/clean_tmpdir.js
2020-06-10 16:35:08,315 INFO 14848 [egg-schedule]: register schedule /Users/yuakira/dev/projects/Psychology2/node_modules/egg-logrotator/app/schedule/clean_log.js
2020-06-10 16:35:08,315 INFO 14848 [egg-schedule]: register schedule /Users/yuakira/dev/projects/Psychology2/node_modules/egg-logrotator/app/schedule/rotate_by_file.js
2020-06-10 16:36:01,977 INFO 14876 [egg-schedule]: register schedule /Users/yuakira/dev/projects/Psychology2/node_modules/egg-multipart/app/schedule/clean_tmpdir.js
2020-06-10 16:36:01,977 INFO 14876 [egg-schedule]: register schedule /Users/yuakira/dev/projects/Psychology2/node_modules/egg-logrotator/app/schedule/clean_log.js
2020-06-10 16:36:01,977 INFO 14876 [egg-schedule]: register schedule /Users/yuakira/dev/projects/Psychology2/node_modules/egg-logrotator/app/schedule/rotate_by_file.js
