2020-06-12 02:09:31,186 INFO 42170 [egg-logrotator] app logger reload: got log-reload message
2020-06-12 10:19:55,205 INFO 3404 [egg:logger] init all loggers with options: {"dir":"/Users/yuakira/dev/projects/Psychology2/logs/Psychology","encoding":"utf8","env":"local","level":"INFO","consoleLevel":"INFO","disableConsoleAfterReady":false,"outputJSON":false,"buffer":true,"appLogName":"Psychology-web.log","coreLogName":"egg-web.log","agentLogName":"egg-agent.log","errorLogName":"common-error.log","coreLogger":{"consoleLevel":"WARN"},"allowDebugAtProd":false,"type":"application"}
2020-06-12 10:19:55,223 INFO 3404 [egg-multipart] stream mode enable
2020-06-12 10:19:55,224 INFO 3404 [egg-mysql] connecting root@localhost:3306/project_psychology
2020-06-12 10:19:55,523 INFO 3404 [egg-static] starting static serve /public/ -> /Users/yuakira/dev/projects/Psychology2/app/public
2020-06-12 10:19:55,525 INFO 3404 [egg-security] use methodnoallow middleware
2020-06-12 10:19:55,526 INFO 3404 [egg-security] use noopen middleware
2020-06-12 10:19:55,527 INFO 3404 [egg-security] use nosniff middleware
2020-06-12 10:19:55,528 INFO 3404 [egg-security] use xssProtection middleware
2020-06-12 10:19:55,528 INFO 3404 [egg-security] use xframe middleware
2020-06-12 10:19:55,529 INFO 3404 [egg-security] use dta middleware
2020-06-12 10:19:55,529 INFO 3404 [egg-security] compose 6 middlewares into one security middleware
2020-06-12 10:19:55,554 INFO 3404 [egg:core] dump config after load, 5ms
2020-06-12 10:19:55,590 INFO 3404 [egg-watcher:application] watcher start success
2020-06-12 10:19:55,595 INFO 3404 [egg-mysql] instance[0] status OK, rds currentTime: Fri Jun 12 2020 10:19:55 GMT+0800 (GMT+08:00)
2020-06-12 10:19:55,615 INFO 3404 [egg:core] dump config after ready, 4ms
2020-06-12 10:21:30,153 INFO 3431 [egg:logger] init all loggers with options: {"dir":"/Users/yuakira/dev/projects/Psychology2/logs/Psychology","encoding":"utf8","env":"local","level":"INFO","consoleLevel":"INFO","disableConsoleAfterReady":false,"outputJSON":false,"buffer":true,"appLogName":"Psychology-web.log","coreLogName":"egg-web.log","agentLogName":"egg-agent.log","errorLogName":"common-error.log","coreLogger":{"consoleLevel":"WARN"},"allowDebugAtProd":false,"type":"application"}
2020-06-12 10:21:30,181 INFO 3431 [egg-multipart] stream mode enable
2020-06-12 10:21:30,181 INFO 3431 [egg-mysql] connecting root@localhost:3306/project_psychology
2020-06-12 10:21:30,495 INFO 3431 [egg-static] starting static serve /public/ -> /Users/yuakira/dev/projects/Psychology2/app/public
2020-06-12 10:21:30,497 INFO 3431 [egg-security] use methodnoallow middleware
2020-06-12 10:21:30,498 INFO 3431 [egg-security] use noopen middleware
2020-06-12 10:21:30,499 INFO 3431 [egg-security] use nosniff middleware
2020-06-12 10:21:30,499 INFO 3431 [egg-security] use xssProtection middleware
2020-06-12 10:21:30,500 INFO 3431 [egg-security] use xframe middleware
2020-06-12 10:21:30,501 INFO 3431 [egg-security] use dta middleware
2020-06-12 10:21:30,501 INFO 3431 [egg-security] compose 6 middlewares into one security middleware
2020-06-12 10:21:30,519 INFO 3431 [egg:core] dump config after load, 3ms
2020-06-12 10:21:30,551 INFO 3431 [egg-watcher:application] watcher start success
2020-06-12 10:21:30,552 INFO 3431 [egg-mysql] instance[0] status OK, rds currentTime: Fri Jun 12 2020 10:21:30 GMT+0800 (GMT+08:00)
2020-06-12 10:21:30,570 INFO 3431 [egg:core] dump config after ready, 4ms
2020-06-12 10:21:59,079 INFO 3465 [egg:logger] init all loggers with options: {"dir":"/Users/yuakira/dev/projects/Psychology2/logs/Psychology","encoding":"utf8","env":"local","level":"INFO","consoleLevel":"INFO","disableConsoleAfterReady":false,"outputJSON":false,"buffer":true,"appLogName":"Psychology-web.log","coreLogName":"egg-web.log","agentLogName":"egg-agent.log","errorLogName":"common-error.log","coreLogger":{"consoleLevel":"WARN"},"allowDebugAtProd":false,"type":"application"}
2020-06-12 10:21:59,103 INFO 3465 [egg-multipart] stream mode enable
2020-06-12 10:21:59,104 INFO 3465 [egg-mysql] connecting root@localhost:3306/project_psychology
2020-06-12 10:21:59,395 INFO 3465 [egg-static] starting static serve /public/ -> /Users/yuakira/dev/projects/Psychology2/app/public
2020-06-12 10:21:59,397 INFO 3465 [egg-security] use methodnoallow middleware
2020-06-12 10:21:59,398 INFO 3465 [egg-security] use noopen middleware
2020-06-12 10:21:59,399 INFO 3465 [egg-security] use nosniff middleware
2020-06-12 10:21:59,400 INFO 3465 [egg-security] use xssProtection middleware
2020-06-12 10:21:59,401 INFO 3465 [egg-security] use xframe middleware
2020-06-12 10:21:59,401 INFO 3465 [egg-security] use dta middleware
2020-06-12 10:21:59,401 INFO 3465 [egg-security] compose 6 middlewares into one security middleware
2020-06-12 10:21:59,420 INFO 3465 [egg:core] dump config after load, 3ms
2020-06-12 10:21:59,453 INFO 3465 [egg-watcher:application] watcher start success
2020-06-12 10:21:59,454 INFO 3465 [egg-mysql] instance[0] status OK, rds currentTime: Fri Jun 12 2020 10:21:59 GMT+0800 (GMT+08:00)
2020-06-12 10:21:59,474 INFO 3465 [egg:core] dump config after ready, 4ms
2020-06-12 10:22:30,398 INFO 3502 [egg:logger] init all loggers with options: {"dir":"/Users/yuakira/dev/projects/Psychology2/logs/Psychology","encoding":"utf8","env":"local","level":"INFO","consoleLevel":"INFO","disableConsoleAfterReady":false,"outputJSON":false,"buffer":true,"appLogName":"Psychology-web.log","coreLogName":"egg-web.log","agentLogName":"egg-agent.log","errorLogName":"common-error.log","coreLogger":{"consoleLevel":"WARN"},"allowDebugAtProd":false,"type":"application"}
2020-06-12 10:22:30,421 INFO 3502 [egg-multipart] stream mode enable
2020-06-12 10:22:30,422 INFO 3502 [egg-mysql] connecting root@localhost:3306/project_psychology
2020-06-12 10:22:30,577 INFO 3502 [egg-static] starting static serve /public/ -> /Users/yuakira/dev/projects/Psychology2/app/public
2020-06-12 10:22:30,579 INFO 3502 [egg-security] use methodnoallow middleware
2020-06-12 10:22:30,579 INFO 3502 [egg-security] use noopen middleware
2020-06-12 10:22:30,579 INFO 3502 [egg-security] use nosniff middleware
2020-06-12 10:22:30,579 INFO 3502 [egg-security] use xssProtection middleware
2020-06-12 10:22:30,580 INFO 3502 [egg-security] use xframe middleware
2020-06-12 10:22:30,580 INFO 3502 [egg-security] use dta middleware
2020-06-12 10:22:30,580 INFO 3502 [egg-security] compose 6 middlewares into one security middleware
2020-06-12 10:22:30,594 INFO 3502 [egg:core] dump config after load, 4ms
2020-06-12 10:22:30,621 INFO 3502 [egg-watcher:application] watcher start success
2020-06-12 10:22:30,623 INFO 3502 [egg-mysql] instance[0] status OK, rds currentTime: Fri Jun 12 2020 10:22:30 GMT+0800 (GMT+08:00)
2020-06-12 10:22:30,639 INFO 3502 [egg:core] dump config after ready, 4ms
2020-06-12 10:23:06,799 INFO 3527 [egg:logger] init all loggers with options: {"dir":"/Users/yuakira/dev/projects/Psychology2/logs/Psychology","encoding":"utf8","env":"local","level":"INFO","consoleLevel":"INFO","disableConsoleAfterReady":false,"outputJSON":false,"buffer":true,"appLogName":"Psychology-web.log","coreLogName":"egg-web.log","agentLogName":"egg-agent.log","errorLogName":"common-error.log","coreLogger":{"consoleLevel":"WARN"},"allowDebugAtProd":false,"type":"application"}
2020-06-12 10:23:06,826 INFO 3527 [egg-multipart] stream mode enable
2020-06-12 10:23:06,826 INFO 3527 [egg-mysql] connecting root@localhost:3306/project_psychology
2020-06-12 10:23:07,120 INFO 3527 [egg-static] starting static serve /public/ -> /Users/yuakira/dev/projects/Psychology2/app/public
2020-06-12 10:23:07,122 INFO 3527 [egg-security] use methodnoallow middleware
2020-06-12 10:23:07,123 INFO 3527 [egg-security] use noopen middleware
2020-06-12 10:23:07,124 INFO 3527 [egg-security] use nosniff middleware
2020-06-12 10:23:07,125 INFO 3527 [egg-security] use xssProtection middleware
2020-06-12 10:23:07,125 INFO 3527 [egg-security] use xframe middleware
2020-06-12 10:23:07,126 INFO 3527 [egg-security] use dta middleware
2020-06-12 10:23:07,126 INFO 3527 [egg-security] compose 6 middlewares into one security middleware
2020-06-12 10:23:07,148 INFO 3527 [egg:core] dump config after load, 4ms
2020-06-12 10:23:07,179 INFO 3527 [egg-watcher:application] watcher start success
2020-06-12 10:23:07,180 INFO 3527 [egg-mysql] instance[0] status OK, rds currentTime: Fri Jun 12 2020 10:23:07 GMT+0800 (GMT+08:00)
2020-06-12 10:23:07,200 INFO 3527 [egg:core] dump config after ready, 5ms
2020-06-12 10:23:27,554 INFO 3556 [egg:logger] init all loggers with options: {"dir":"/Users/yuakira/dev/projects/Psychology2/logs/Psychology","encoding":"utf8","env":"local","level":"INFO","consoleLevel":"INFO","disableConsoleAfterReady":false,"outputJSON":false,"buffer":true,"appLogName":"Psychology-web.log","coreLogName":"egg-web.log","agentLogName":"egg-agent.log","errorLogName":"common-error.log","coreLogger":{"consoleLevel":"WARN"},"allowDebugAtProd":false,"type":"application"}
2020-06-12 10:23:27,575 INFO 3556 [egg-multipart] stream mode enable
2020-06-12 10:23:27,575 INFO 3556 [egg-mysql] connecting root@localhost:3306/project_psychology
2020-06-12 10:23:27,727 INFO 3556 [egg-static] starting static serve /public/ -> /Users/yuakira/dev/projects/Psychology2/app/public
2020-06-12 10:23:27,729 INFO 3556 [egg-security] use methodnoallow middleware
2020-06-12 10:23:27,729 INFO 3556 [egg-security] use noopen middleware
2020-06-12 10:23:27,729 INFO 3556 [egg-security] use nosniff middleware
2020-06-12 10:23:27,730 INFO 3556 [egg-security] use xssProtection middleware
2020-06-12 10:23:27,730 INFO 3556 [egg-security] use xframe middleware
2020-06-12 10:23:27,730 INFO 3556 [egg-security] use dta middleware
2020-06-12 10:23:27,730 INFO 3556 [egg-security] compose 6 middlewares into one security middleware
2020-06-12 10:23:27,744 INFO 3556 [egg:core] dump config after load, 4ms
2020-06-12 10:23:27,771 INFO 3556 [egg-watcher:application] watcher start success
2020-06-12 10:23:27,772 INFO 3556 [egg-mysql] instance[0] status OK, rds currentTime: Fri Jun 12 2020 10:23:27 GMT+0800 (GMT+08:00)
2020-06-12 10:23:27,793 INFO 3556 [egg:core] dump config after ready, 6ms
2020-06-12 10:23:31,431 INFO 3567 [egg:logger] init all loggers with options: {"dir":"/Users/yuakira/dev/projects/Psychology2/logs/Psychology","encoding":"utf8","env":"local","level":"INFO","consoleLevel":"INFO","disableConsoleAfterReady":false,"outputJSON":false,"buffer":true,"appLogName":"Psychology-web.log","coreLogName":"egg-web.log","agentLogName":"egg-agent.log","errorLogName":"common-error.log","coreLogger":{"consoleLevel":"WARN"},"allowDebugAtProd":false,"type":"application"}
2020-06-12 10:23:31,451 INFO 3567 [egg-multipart] stream mode enable
2020-06-12 10:23:31,452 INFO 3567 [egg-mysql] connecting root@localhost:3306/project_psychology
2020-06-12 10:23:31,604 INFO 3567 [egg-static] starting static serve /public/ -> /Users/yuakira/dev/projects/Psychology2/app/public
2020-06-12 10:23:31,605 INFO 3567 [egg-security] use methodnoallow middleware
2020-06-12 10:23:31,605 INFO 3567 [egg-security] use noopen middleware
2020-06-12 10:23:31,606 INFO 3567 [egg-security] use nosniff middleware
2020-06-12 10:23:31,606 INFO 3567 [egg-security] use xssProtection middleware
2020-06-12 10:23:31,606 INFO 3567 [egg-security] use xframe middleware
2020-06-12 10:23:31,607 INFO 3567 [egg-security] use dta middleware
2020-06-12 10:23:31,607 INFO 3567 [egg-security] compose 6 middlewares into one security middleware
2020-06-12 10:23:31,620 INFO 3567 [egg:core] dump config after load, 3ms
2020-06-12 10:23:31,649 INFO 3567 [egg-watcher:application] watcher start success
2020-06-12 10:23:31,650 INFO 3567 [egg-mysql] instance[0] status OK, rds currentTime: Fri Jun 12 2020 10:23:31 GMT+0800 (GMT+08:00)
2020-06-12 10:23:31,668 INFO 3567 [egg:core] dump config after ready, 4ms
2020-06-12 10:24:30,779 INFO 3594 [egg:logger] init all loggers with options: {"dir":"/Users/yuakira/dev/projects/Psychology2/logs/Psychology","encoding":"utf8","env":"local","level":"INFO","consoleLevel":"INFO","disableConsoleAfterReady":false,"outputJSON":false,"buffer":true,"appLogName":"Psychology-web.log","coreLogName":"egg-web.log","agentLogName":"egg-agent.log","errorLogName":"common-error.log","coreLogger":{"consoleLevel":"WARN"},"allowDebugAtProd":false,"type":"application"}
2020-06-12 10:24:30,807 INFO 3594 [egg-multipart] stream mode enable
2020-06-12 10:24:30,807 INFO 3594 [egg-mysql] connecting root@localhost:3306/project_psychology
2020-06-12 10:24:31,127 INFO 3594 [egg-static] starting static serve /public/ -> /Users/yuakira/dev/projects/Psychology2/app/public
2020-06-12 10:24:31,129 INFO 3594 [egg-security] use methodnoallow middleware
2020-06-12 10:24:31,129 INFO 3594 [egg-security] use noopen middleware
2020-06-12 10:24:31,130 INFO 3594 [egg-security] use nosniff middleware
2020-06-12 10:24:31,131 INFO 3594 [egg-security] use xssProtection middleware
2020-06-12 10:24:31,131 INFO 3594 [egg-security] use xframe middleware
2020-06-12 10:24:31,132 INFO 3594 [egg-security] use dta middleware
2020-06-12 10:24:31,132 INFO 3594 [egg-security] compose 6 middlewares into one security middleware
2020-06-12 10:24:31,152 INFO 3594 [egg:core] dump config after load, 4ms
2020-06-12 10:24:31,186 INFO 3594 [egg-watcher:application] watcher start success
2020-06-12 10:24:31,187 INFO 3594 [egg-mysql] instance[0] status OK, rds currentTime: Fri Jun 12 2020 10:24:31 GMT+0800 (GMT+08:00)
2020-06-12 10:24:31,206 INFO 3594 [egg:core] dump config after ready, 4ms
2020-06-12 10:24:43,227 INFO 3615 [egg:logger] init all loggers with options: {"dir":"/Users/yuakira/dev/projects/Psychology2/logs/Psychology","encoding":"utf8","env":"local","level":"INFO","consoleLevel":"INFO","disableConsoleAfterReady":false,"outputJSON":false,"buffer":true,"appLogName":"Psychology-web.log","coreLogName":"egg-web.log","agentLogName":"egg-agent.log","errorLogName":"common-error.log","coreLogger":{"consoleLevel":"WARN"},"allowDebugAtProd":false,"type":"application"}
2020-06-12 10:24:43,246 INFO 3615 [egg-multipart] stream mode enable
2020-06-12 10:24:43,246 INFO 3615 [egg-mysql] connecting root@localhost:3306/project_psychology
2020-06-12 10:24:43,397 INFO 3615 [egg-static] starting static serve /public/ -> /Users/yuakira/dev/projects/Psychology2/app/public
2020-06-12 10:24:43,398 INFO 3615 [egg-security] use methodnoallow middleware
2020-06-12 10:24:43,398 INFO 3615 [egg-security] use noopen middleware
2020-06-12 10:24:43,399 INFO 3615 [egg-security] use nosniff middleware
2020-06-12 10:24:43,399 INFO 3615 [egg-security] use xssProtection middleware
2020-06-12 10:24:43,399 INFO 3615 [egg-security] use xframe middleware
2020-06-12 10:24:43,399 INFO 3615 [egg-security] use dta middleware
2020-06-12 10:24:43,399 INFO 3615 [egg-security] compose 6 middlewares into one security middleware
2020-06-12 10:24:43,412 INFO 3615 [egg:core] dump config after load, 3ms
2020-06-12 10:24:43,439 INFO 3615 [egg-watcher:application] watcher start success
2020-06-12 10:24:43,441 INFO 3615 [egg-mysql] instance[0] status OK, rds currentTime: Fri Jun 12 2020 10:24:43 GMT+0800 (GMT+08:00)
2020-06-12 10:24:43,458 INFO 3615 [egg:core] dump config after ready, 5ms
2020-06-12 10:25:04,621 INFO 3639 [egg:logger] init all loggers with options: {"dir":"/Users/yuakira/dev/projects/Psychology2/logs/Psychology","encoding":"utf8","env":"local","level":"INFO","consoleLevel":"INFO","disableConsoleAfterReady":false,"outputJSON":false,"buffer":true,"appLogName":"Psychology-web.log","coreLogName":"egg-web.log","agentLogName":"egg-agent.log","errorLogName":"common-error.log","coreLogger":{"consoleLevel":"WARN"},"allowDebugAtProd":false,"type":"application"}
2020-06-12 10:25:04,642 INFO 3639 [egg-multipart] stream mode enable
2020-06-12 10:25:04,642 INFO 3639 [egg-mysql] connecting root@localhost:3306/project_psychology
2020-06-12 10:25:04,802 INFO 3639 [egg-static] starting static serve /public/ -> /Users/yuakira/dev/projects/Psychology2/app/public
2020-06-12 10:25:04,803 INFO 3639 [egg-security] use methodnoallow middleware
2020-06-12 10:25:04,804 INFO 3639 [egg-security] use noopen middleware
2020-06-12 10:25:04,804 INFO 3639 [egg-security] use nosniff middleware
2020-06-12 10:25:04,804 INFO 3639 [egg-security] use xssProtection middleware
2020-06-12 10:25:04,804 INFO 3639 [egg-security] use xframe middleware
2020-06-12 10:25:04,805 INFO 3639 [egg-security] use dta middleware
2020-06-12 10:25:04,805 INFO 3639 [egg-security] compose 6 middlewares into one security middleware
2020-06-12 10:25:04,817 INFO 3639 [egg:core] dump config after load, 4ms
2020-06-12 10:25:04,863 INFO 3639 [egg-watcher:application] watcher start success
2020-06-12 10:25:04,865 INFO 3639 [egg-mysql] instance[0] status OK, rds currentTime: Fri Jun 12 2020 10:25:04 GMT+0800 (GMT+08:00)
2020-06-12 10:25:04,884 INFO 3639 [egg:core] dump config after ready, 5ms
2020-06-12 10:33:49,456 INFO 3778 [egg:logger] init all loggers with options: {"dir":"/Users/yuakira/dev/projects/Psychology2/logs/Psychology","encoding":"utf8","env":"local","level":"INFO","consoleLevel":"INFO","disableConsoleAfterReady":false,"outputJSON":false,"buffer":true,"appLogName":"Psychology-web.log","coreLogName":"egg-web.log","agentLogName":"egg-agent.log","errorLogName":"common-error.log","coreLogger":{"consoleLevel":"WARN"},"allowDebugAtProd":false,"type":"application"}
2020-06-12 10:33:49,485 INFO 3778 [egg-multipart] stream mode enable
2020-06-12 10:33:49,486 INFO 3778 [egg-mysql] connecting root@localhost:3306/project_psychology
2020-06-12 10:33:49,784 INFO 3778 [egg-static] starting static serve /public/ -> /Users/yuakira/dev/projects/Psychology2/app/public
2020-06-12 10:33:49,785 INFO 3778 [egg-security] use methodnoallow middleware
2020-06-12 10:33:49,786 INFO 3778 [egg-security] use noopen middleware
2020-06-12 10:33:49,786 INFO 3778 [egg-security] use nosniff middleware
2020-06-12 10:33:49,787 INFO 3778 [egg-security] use xssProtection middleware
2020-06-12 10:33:49,788 INFO 3778 [egg-security] use xframe middleware
2020-06-12 10:33:49,789 INFO 3778 [egg-security] use dta middleware
2020-06-12 10:33:49,789 INFO 3778 [egg-security] compose 6 middlewares into one security middleware
2020-06-12 10:33:49,809 INFO 3778 [egg:core] dump config after load, 4ms
2020-06-12 10:33:49,839 INFO 3778 [egg-watcher:application] watcher start success
2020-06-12 10:33:49,840 INFO 3778 [egg-mysql] instance[0] status OK, rds currentTime: Fri Jun 12 2020 10:33:49 GMT+0800 (GMT+08:00)
2020-06-12 10:33:49,858 INFO 3778 [egg:core] dump config after ready, 4ms
2020-06-12 10:33:52,587 INFO 3792 [egg:logger] init all loggers with options: {"dir":"/Users/yuakira/dev/projects/Psychology2/logs/Psychology","encoding":"utf8","env":"local","level":"INFO","consoleLevel":"INFO","disableConsoleAfterReady":false,"outputJSON":false,"buffer":true,"appLogName":"Psychology-web.log","coreLogName":"egg-web.log","agentLogName":"egg-agent.log","errorLogName":"common-error.log","coreLogger":{"consoleLevel":"WARN"},"allowDebugAtProd":false,"type":"application"}
2020-06-12 10:33:52,608 INFO 3792 [egg-multipart] stream mode enable
2020-06-12 10:33:52,609 INFO 3792 [egg-mysql] connecting root@localhost:3306/project_psychology
2020-06-12 10:33:52,773 INFO 3792 [egg-static] starting static serve /public/ -> /Users/yuakira/dev/projects/Psychology2/app/public
2020-06-12 10:33:52,774 INFO 3792 [egg-security] use methodnoallow middleware
2020-06-12 10:33:52,775 INFO 3792 [egg-security] use noopen middleware
2020-06-12 10:33:52,775 INFO 3792 [egg-security] use nosniff middleware
2020-06-12 10:33:52,775 INFO 3792 [egg-security] use xssProtection middleware
2020-06-12 10:33:52,776 INFO 3792 [egg-security] use xframe middleware
2020-06-12 10:33:52,776 INFO 3792 [egg-security] use dta middleware
2020-06-12 10:33:52,776 INFO 3792 [egg-security] compose 6 middlewares into one security middleware
2020-06-12 10:33:52,791 INFO 3792 [egg:core] dump config after load, 4ms
2020-06-12 10:33:52,820 INFO 3792 [egg-watcher:application] watcher start success
2020-06-12 10:33:52,822 INFO 3792 [egg-mysql] instance[0] status OK, rds currentTime: Fri Jun 12 2020 10:33:52 GMT+0800 (GMT+08:00)
2020-06-12 10:33:52,840 INFO 3792 [egg:core] dump config after ready, 3ms
2020-06-12 10:35:49,963 INFO 3842 [egg:logger] init all loggers with options: {"dir":"/Users/yuakira/dev/projects/Psychology2/logs/Psychology","encoding":"utf8","env":"local","level":"INFO","consoleLevel":"INFO","disableConsoleAfterReady":false,"outputJSON":false,"buffer":true,"appLogName":"Psychology-web.log","coreLogName":"egg-web.log","agentLogName":"egg-agent.log","errorLogName":"common-error.log","coreLogger":{"consoleLevel":"WARN"},"allowDebugAtProd":false,"type":"application"}
2020-06-12 10:35:49,990 INFO 3842 [egg-multipart] stream mode enable
2020-06-12 10:35:49,990 INFO 3842 [egg-mysql] connecting root@localhost:3306/project_psychology
2020-06-12 10:35:50,229 INFO 3842 [egg-static] starting static serve /public/ -> /Users/yuakira/dev/projects/Psychology2/app/public
2020-06-12 10:35:50,231 INFO 3842 [egg-security] use methodnoallow middleware
2020-06-12 10:35:50,231 INFO 3842 [egg-security] use noopen middleware
2020-06-12 10:35:50,232 INFO 3842 [egg-security] use nosniff middleware
2020-06-12 10:35:50,233 INFO 3842 [egg-security] use xssProtection middleware
2020-06-12 10:35:50,233 INFO 3842 [egg-security] use xframe middleware
2020-06-12 10:35:50,234 INFO 3842 [egg-security] use dta middleware
2020-06-12 10:35:50,234 INFO 3842 [egg-security] compose 6 middlewares into one security middleware
2020-06-12 10:35:50,255 INFO 3842 [egg:core] dump config after load, 5ms
2020-06-12 10:35:50,284 INFO 3842 [egg-watcher:application] watcher start success
2020-06-12 10:35:50,285 INFO 3842 [egg-mysql] instance[0] status OK, rds currentTime: Fri Jun 12 2020 10:35:50 GMT+0800 (GMT+08:00)
2020-06-12 10:35:50,305 INFO 3842 [egg:core] dump config after ready, 5ms
2020-06-12 10:39:04,718 INFO 3890 [egg:logger] init all loggers with options: {"dir":"/Users/yuakira/dev/projects/Psychology2/logs/Psychology","encoding":"utf8","env":"local","level":"INFO","consoleLevel":"INFO","disableConsoleAfterReady":false,"outputJSON":false,"buffer":true,"appLogName":"Psychology-web.log","coreLogName":"egg-web.log","agentLogName":"egg-agent.log","errorLogName":"common-error.log","coreLogger":{"consoleLevel":"WARN"},"allowDebugAtProd":false,"type":"application"}
2020-06-12 10:39:04,743 INFO 3890 [egg-multipart] stream mode enable
2020-06-12 10:39:04,743 INFO 3890 [egg-mysql] connecting root@localhost:3306/project_psychology
2020-06-12 10:39:05,042 INFO 3890 [egg-static] starting static serve /public/ -> /Users/yuakira/dev/projects/Psychology2/app/public
2020-06-12 10:39:05,044 INFO 3890 [egg-security] use methodnoallow middleware
2020-06-12 10:39:05,044 INFO 3890 [egg-security] use noopen middleware
2020-06-12 10:39:05,045 INFO 3890 [egg-security] use nosniff middleware
2020-06-12 10:39:05,045 INFO 3890 [egg-security] use xssProtection middleware
2020-06-12 10:39:05,046 INFO 3890 [egg-security] use xframe middleware
2020-06-12 10:39:05,047 INFO 3890 [egg-security] use dta middleware
2020-06-12 10:39:05,047 INFO 3890 [egg-security] compose 6 middlewares into one security middleware
2020-06-12 10:39:05,064 INFO 3890 [egg:core] dump config after load, 3ms
2020-06-12 10:39:05,096 INFO 3890 [egg-watcher:application] watcher start success
2020-06-12 10:39:05,097 INFO 3890 [egg-mysql] instance[0] status OK, rds currentTime: Fri Jun 12 2020 10:39:05 GMT+0800 (GMT+08:00)
2020-06-12 10:39:05,115 INFO 3890 [egg:core] dump config after ready, 5ms
2020-06-12 10:39:06,663 INFO 3902 [egg:logger] init all loggers with options: {"dir":"/Users/yuakira/dev/projects/Psychology2/logs/Psychology","encoding":"utf8","env":"local","level":"INFO","consoleLevel":"INFO","disableConsoleAfterReady":false,"outputJSON":false,"buffer":true,"appLogName":"Psychology-web.log","coreLogName":"egg-web.log","agentLogName":"egg-agent.log","errorLogName":"common-error.log","coreLogger":{"consoleLevel":"WARN"},"allowDebugAtProd":false,"type":"application"}
2020-06-12 10:39:06,691 INFO 3902 [egg-multipart] stream mode enable
2020-06-12 10:39:06,692 INFO 3902 [egg-mysql] connecting root@localhost:3306/project_psychology
2020-06-12 10:39:06,863 INFO 3902 [egg-static] starting static serve /public/ -> /Users/yuakira/dev/projects/Psychology2/app/public
2020-06-12 10:39:06,864 INFO 3902 [egg-security] use methodnoallow middleware
2020-06-12 10:39:06,865 INFO 3902 [egg-security] use noopen middleware
2020-06-12 10:39:06,865 INFO 3902 [egg-security] use nosniff middleware
2020-06-12 10:39:06,865 INFO 3902 [egg-security] use xssProtection middleware
2020-06-12 10:39:06,866 INFO 3902 [egg-security] use xframe middleware
2020-06-12 10:39:06,866 INFO 3902 [egg-security] use dta middleware
2020-06-12 10:39:06,866 INFO 3902 [egg-security] compose 6 middlewares into one security middleware
2020-06-12 10:39:06,879 INFO 3902 [egg:core] dump config after load, 4ms
2020-06-12 10:39:06,911 INFO 3902 [egg-watcher:application] watcher start success
2020-06-12 10:39:06,912 INFO 3902 [egg-mysql] instance[0] status OK, rds currentTime: Fri Jun 12 2020 10:39:06 GMT+0800 (GMT+08:00)
2020-06-12 10:39:06,931 INFO 3902 [egg:core] dump config after ready, 5ms
2020-06-12 10:39:39,259 INFO 3923 [egg:logger] init all loggers with options: {"dir":"/Users/yuakira/dev/projects/Psychology2/logs/Psychology","encoding":"utf8","env":"local","level":"INFO","consoleLevel":"INFO","disableConsoleAfterReady":false,"outputJSON":false,"buffer":true,"appLogName":"Psychology-web.log","coreLogName":"egg-web.log","agentLogName":"egg-agent.log","errorLogName":"common-error.log","coreLogger":{"consoleLevel":"WARN"},"allowDebugAtProd":false,"type":"application"}
2020-06-12 10:39:39,284 INFO 3923 [egg-multipart] stream mode enable
2020-06-12 10:39:39,285 INFO 3923 [egg-mysql] connecting root@localhost:3306/project_psychology
2020-06-12 10:39:39,596 INFO 3923 [egg-static] starting static serve /public/ -> /Users/yuakira/dev/projects/Psychology2/app/public
2020-06-12 10:39:39,598 INFO 3923 [egg-security] use methodnoallow middleware
2020-06-12 10:39:39,598 INFO 3923 [egg-security] use noopen middleware
2020-06-12 10:39:39,599 INFO 3923 [egg-security] use nosniff middleware
2020-06-12 10:39:39,600 INFO 3923 [egg-security] use xssProtection middleware
2020-06-12 10:39:39,600 INFO 3923 [egg-security] use xframe middleware
2020-06-12 10:39:39,601 INFO 3923 [egg-security] use dta middleware
2020-06-12 10:39:39,601 INFO 3923 [egg-security] compose 6 middlewares into one security middleware
2020-06-12 10:39:39,619 INFO 3923 [egg:core] dump config after load, 4ms
2020-06-12 10:39:39,651 INFO 3923 [egg-watcher:application] watcher start success
2020-06-12 10:39:39,653 INFO 3923 [egg-mysql] instance[0] status OK, rds currentTime: Fri Jun 12 2020 10:39:39 GMT+0800 (GMT+08:00)
2020-06-12 10:39:39,671 INFO 3923 [egg:core] dump config after ready, 4ms
2020-06-12 10:40:16,317 INFO 3951 [egg:logger] init all loggers with options: {"dir":"/Users/yuakira/dev/projects/Psychology2/logs/Psychology","encoding":"utf8","env":"local","level":"INFO","consoleLevel":"INFO","disableConsoleAfterReady":false,"outputJSON":false,"buffer":true,"appLogName":"Psychology-web.log","coreLogName":"egg-web.log","agentLogName":"egg-agent.log","errorLogName":"common-error.log","coreLogger":{"consoleLevel":"WARN"},"allowDebugAtProd":false,"type":"application"}
2020-06-12 10:40:16,348 INFO 3951 [egg-multipart] stream mode enable
2020-06-12 10:40:16,349 INFO 3951 [egg-mysql] connecting root@localhost:3306/project_psychology
2020-06-12 10:40:16,691 INFO 3951 [egg-static] starting static serve /public/ -> /Users/yuakira/dev/projects/Psychology2/app/public
2020-06-12 10:40:16,693 INFO 3951 [egg-security] use methodnoallow middleware
2020-06-12 10:40:16,694 INFO 3951 [egg-security] use noopen middleware
2020-06-12 10:40:16,695 INFO 3951 [egg-security] use nosniff middleware
2020-06-12 10:40:16,696 INFO 3951 [egg-security] use xssProtection middleware
2020-06-12 10:40:16,697 INFO 3951 [egg-security] use xframe middleware
2020-06-12 10:40:16,697 INFO 3951 [egg-security] use dta middleware
2020-06-12 10:40:16,697 INFO 3951 [egg-security] compose 6 middlewares into one security middleware
2020-06-12 10:40:16,720 INFO 3951 [egg:core] dump config after load, 4ms
2020-06-12 10:40:16,755 INFO 3951 [egg-watcher:application] watcher start success
2020-06-12 10:40:16,756 INFO 3951 [egg-mysql] instance[0] status OK, rds currentTime: Fri Jun 12 2020 10:40:16 GMT+0800 (GMT+08:00)
2020-06-12 10:40:16,774 INFO 3951 [egg:core] dump config after ready, 4ms
2020-06-12 10:41:20,831 INFO 3978 [egg:logger] init all loggers with options: {"dir":"/Users/yuakira/dev/projects/Psychology2/logs/Psychology","encoding":"utf8","env":"local","level":"INFO","consoleLevel":"INFO","disableConsoleAfterReady":false,"outputJSON":false,"buffer":true,"appLogName":"Psychology-web.log","coreLogName":"egg-web.log","agentLogName":"egg-agent.log","errorLogName":"common-error.log","coreLogger":{"consoleLevel":"WARN"},"allowDebugAtProd":false,"type":"application"}
2020-06-12 10:41:20,857 INFO 3978 [egg-multipart] stream mode enable
2020-06-12 10:41:20,859 INFO 3978 [egg-mysql] connecting root@localhost:3306/project_psychology
2020-06-12 10:41:21,162 INFO 3978 [egg-static] starting static serve /public/ -> /Users/yuakira/dev/projects/Psychology2/app/public
2020-06-12 10:41:21,164 INFO 3978 [egg-security] use methodnoallow middleware
2020-06-12 10:41:21,165 INFO 3978 [egg-security] use noopen middleware
2020-06-12 10:41:21,166 INFO 3978 [egg-security] use nosniff middleware
2020-06-12 10:41:21,166 INFO 3978 [egg-security] use xssProtection middleware
2020-06-12 10:41:21,167 INFO 3978 [egg-security] use xframe middleware
2020-06-12 10:41:21,168 INFO 3978 [egg-security] use dta middleware
2020-06-12 10:41:21,168 INFO 3978 [egg-security] compose 6 middlewares into one security middleware
2020-06-12 10:41:21,189 INFO 3978 [egg:core] dump config after load, 6ms
2020-06-12 10:41:21,223 INFO 3978 [egg-watcher:application] watcher start success
2020-06-12 10:41:21,224 INFO 3978 [egg-mysql] instance[0] status OK, rds currentTime: Fri Jun 12 2020 10:41:21 GMT+0800 (GMT+08:00)
2020-06-12 10:41:21,242 INFO 3978 [egg:core] dump config after ready, 4ms
2020-06-12 10:41:28,897 INFO 3999 [egg:logger] init all loggers with options: {"dir":"/Users/yuakira/dev/projects/Psychology2/logs/Psychology","encoding":"utf8","env":"local","level":"INFO","consoleLevel":"INFO","disableConsoleAfterReady":false,"outputJSON":false,"buffer":true,"appLogName":"Psychology-web.log","coreLogName":"egg-web.log","agentLogName":"egg-agent.log","errorLogName":"common-error.log","coreLogger":{"consoleLevel":"WARN"},"allowDebugAtProd":false,"type":"application"}
2020-06-12 10:41:28,923 INFO 3999 [egg-multipart] stream mode enable
2020-06-12 10:41:28,923 INFO 3999 [egg-mysql] connecting root@localhost:3306/project_psychology
2020-06-12 10:41:29,196 INFO 3999 [egg-static] starting static serve /public/ -> /Users/yuakira/dev/projects/Psychology2/app/public
2020-06-12 10:41:29,198 INFO 3999 [egg-security] use methodnoallow middleware
2020-06-12 10:41:29,198 INFO 3999 [egg-security] use noopen middleware
2020-06-12 10:41:29,199 INFO 3999 [egg-security] use nosniff middleware
2020-06-12 10:41:29,200 INFO 3999 [egg-security] use xssProtection middleware
2020-06-12 10:41:29,200 INFO 3999 [egg-security] use xframe middleware
2020-06-12 10:41:29,201 INFO 3999 [egg-security] use dta middleware
2020-06-12 10:41:29,201 INFO 3999 [egg-security] compose 6 middlewares into one security middleware
2020-06-12 10:41:29,221 INFO 3999 [egg:core] dump config after load, 4ms
2020-06-12 10:41:29,254 INFO 3999 [egg-watcher:application] watcher start success
2020-06-12 10:41:29,255 INFO 3999 [egg-mysql] instance[0] status OK, rds currentTime: Fri Jun 12 2020 10:41:29 GMT+0800 (GMT+08:00)
2020-06-12 10:41:29,273 INFO 3999 [egg:core] dump config after ready, 4ms
2020-06-12 10:41:37,820 INFO 4020 [egg:logger] init all loggers with options: {"dir":"/Users/yuakira/dev/projects/Psychology2/logs/Psychology","encoding":"utf8","env":"local","level":"INFO","consoleLevel":"INFO","disableConsoleAfterReady":false,"outputJSON":false,"buffer":true,"appLogName":"Psychology-web.log","coreLogName":"egg-web.log","agentLogName":"egg-agent.log","errorLogName":"common-error.log","coreLogger":{"consoleLevel":"WARN"},"allowDebugAtProd":false,"type":"application"}
2020-06-12 10:41:37,847 INFO 4020 [egg-multipart] stream mode enable
2020-06-12 10:41:37,847 INFO 4020 [egg-mysql] connecting root@localhost:3306/project_psychology
2020-06-12 10:41:38,168 INFO 4020 [egg-static] starting static serve /public/ -> /Users/yuakira/dev/projects/Psychology2/app/public
2020-06-12 10:41:38,170 INFO 4020 [egg-security] use methodnoallow middleware
2020-06-12 10:41:38,171 INFO 4020 [egg-security] use noopen middleware
2020-06-12 10:41:38,172 INFO 4020 [egg-security] use nosniff middleware
2020-06-12 10:41:38,173 INFO 4020 [egg-security] use xssProtection middleware
2020-06-12 10:41:38,174 INFO 4020 [egg-security] use xframe middleware
2020-06-12 10:41:38,175 INFO 4020 [egg-security] use dta middleware
2020-06-12 10:41:38,175 INFO 4020 [egg-security] compose 6 middlewares into one security middleware
2020-06-12 10:41:38,193 INFO 4020 [egg:core] dump config after load, 4ms
2020-06-12 10:41:38,227 INFO 4020 [egg-watcher:application] watcher start success
2020-06-12 10:41:38,228 INFO 4020 [egg-mysql] instance[0] status OK, rds currentTime: Fri Jun 12 2020 10:41:38 GMT+0800 (GMT+08:00)
2020-06-12 10:41:38,247 INFO 4020 [egg:core] dump config after ready, 4ms
2020-06-12 10:41:46,471 INFO 4034 [egg:logger] init all loggers with options: {"dir":"/Users/yuakira/dev/projects/Psychology2/logs/Psychology","encoding":"utf8","env":"local","level":"INFO","consoleLevel":"INFO","disableConsoleAfterReady":false,"outputJSON":false,"buffer":true,"appLogName":"Psychology-web.log","coreLogName":"egg-web.log","agentLogName":"egg-agent.log","errorLogName":"common-error.log","coreLogger":{"consoleLevel":"WARN"},"allowDebugAtProd":false,"type":"application"}
2020-06-12 10:41:46,496 INFO 4034 [egg-multipart] stream mode enable
2020-06-12 10:41:46,496 INFO 4034 [egg-mysql] connecting root@localhost:3306/project_psychology
2020-06-12 10:41:46,770 INFO 4034 [egg-static] starting static serve /public/ -> /Users/yuakira/dev/projects/Psychology2/app/public
2020-06-12 10:41:46,772 INFO 4034 [egg-security] use methodnoallow middleware
2020-06-12 10:41:46,773 INFO 4034 [egg-security] use noopen middleware
2020-06-12 10:41:46,774 INFO 4034 [egg-security] use nosniff middleware
2020-06-12 10:41:46,774 INFO 4034 [egg-security] use xssProtection middleware
2020-06-12 10:41:46,775 INFO 4034 [egg-security] use xframe middleware
2020-06-12 10:41:46,776 INFO 4034 [egg-security] use dta middleware
2020-06-12 10:41:46,776 INFO 4034 [egg-security] compose 6 middlewares into one security middleware
2020-06-12 10:41:46,795 INFO 4034 [egg:core] dump config after load, 3ms
2020-06-12 10:41:46,828 INFO 4034 [egg-watcher:application] watcher start success
2020-06-12 10:41:46,829 INFO 4034 [egg-mysql] instance[0] status OK, rds currentTime: Fri Jun 12 2020 10:41:46 GMT+0800 (GMT+08:00)
2020-06-12 10:41:46,847 INFO 4034 [egg:core] dump config after ready, 4ms
2020-06-12 10:42:12,949 INFO 4059 [egg:logger] init all loggers with options: {"dir":"/Users/yuakira/dev/projects/Psychology2/logs/Psychology","encoding":"utf8","env":"local","level":"INFO","consoleLevel":"INFO","disableConsoleAfterReady":false,"outputJSON":false,"buffer":true,"appLogName":"Psychology-web.log","coreLogName":"egg-web.log","agentLogName":"egg-agent.log","errorLogName":"common-error.log","coreLogger":{"consoleLevel":"WARN"},"allowDebugAtProd":false,"type":"application"}
2020-06-12 10:42:12,973 INFO 4059 [egg-multipart] stream mode enable
2020-06-12 10:42:12,973 INFO 4059 [egg-mysql] connecting root@localhost:3306/project_psychology
2020-06-12 10:42:13,258 INFO 4059 [egg-static] starting static serve /public/ -> /Users/yuakira/dev/projects/Psychology2/app/public
2020-06-12 10:42:13,260 INFO 4059 [egg-security] use methodnoallow middleware
2020-06-12 10:42:13,261 INFO 4059 [egg-security] use noopen middleware
2020-06-12 10:42:13,261 INFO 4059 [egg-security] use nosniff middleware
2020-06-12 10:42:13,262 INFO 4059 [egg-security] use xssProtection middleware
2020-06-12 10:42:13,263 INFO 4059 [egg-security] use xframe middleware
2020-06-12 10:42:13,264 INFO 4059 [egg-security] use dta middleware
2020-06-12 10:42:13,264 INFO 4059 [egg-security] compose 6 middlewares into one security middleware
2020-06-12 10:42:13,284 INFO 4059 [egg:core] dump config after load, 3ms
2020-06-12 10:42:13,318 INFO 4059 [egg-watcher:application] watcher start success
2020-06-12 10:42:13,320 INFO 4059 [egg-mysql] instance[0] status OK, rds currentTime: Fri Jun 12 2020 10:42:13 GMT+0800 (GMT+08:00)
2020-06-12 10:42:13,338 INFO 4059 [egg:core] dump config after ready, 5ms
2020-06-12 10:42:16,058 INFO 4074 [egg:logger] init all loggers with options: {"dir":"/Users/yuakira/dev/projects/Psychology2/logs/Psychology","encoding":"utf8","env":"local","level":"INFO","consoleLevel":"INFO","disableConsoleAfterReady":false,"outputJSON":false,"buffer":true,"appLogName":"Psychology-web.log","coreLogName":"egg-web.log","agentLogName":"egg-agent.log","errorLogName":"common-error.log","coreLogger":{"consoleLevel":"WARN"},"allowDebugAtProd":false,"type":"application"}
2020-06-12 10:42:16,077 INFO 4074 [egg-multipart] stream mode enable
2020-06-12 10:42:16,077 INFO 4074 [egg-mysql] connecting root@localhost:3306/project_psychology
2020-06-12 10:42:16,233 INFO 4074 [egg-static] starting static serve /public/ -> /Users/yuakira/dev/projects/Psychology2/app/public
2020-06-12 10:42:16,234 INFO 4074 [egg-security] use methodnoallow middleware
2020-06-12 10:42:16,235 INFO 4074 [egg-security] use noopen middleware
2020-06-12 10:42:16,235 INFO 4074 [egg-security] use nosniff middleware
2020-06-12 10:42:16,235 INFO 4074 [egg-security] use xssProtection middleware
2020-06-12 10:42:16,235 INFO 4074 [egg-security] use xframe middleware
2020-06-12 10:42:16,235 INFO 4074 [egg-security] use dta middleware
2020-06-12 10:42:16,236 INFO 4074 [egg-security] compose 6 middlewares into one security middleware
2020-06-12 10:42:16,250 INFO 4074 [egg:core] dump config after load, 5ms
2020-06-12 10:42:16,280 INFO 4074 [egg-watcher:application] watcher start success
2020-06-12 10:42:16,282 INFO 4074 [egg-mysql] instance[0] status OK, rds currentTime: Fri Jun 12 2020 10:42:16 GMT+0800 (GMT+08:00)
2020-06-12 10:42:16,300 INFO 4074 [egg:core] dump config after ready, 4ms
2020-06-12 10:42:43,098 INFO 4095 [egg:logger] init all loggers with options: {"dir":"/Users/yuakira/dev/projects/Psychology2/logs/Psychology","encoding":"utf8","env":"local","level":"INFO","consoleLevel":"INFO","disableConsoleAfterReady":false,"outputJSON":false,"buffer":true,"appLogName":"Psychology-web.log","coreLogName":"egg-web.log","agentLogName":"egg-agent.log","errorLogName":"common-error.log","coreLogger":{"consoleLevel":"WARN"},"allowDebugAtProd":false,"type":"application"}
2020-06-12 10:42:43,121 INFO 4095 [egg-multipart] stream mode enable
2020-06-12 10:42:43,122 INFO 4095 [egg-mysql] connecting root@localhost:3306/project_psychology
2020-06-12 10:42:43,277 INFO 4095 [egg-static] starting static serve /public/ -> /Users/yuakira/dev/projects/Psychology2/app/public
2020-06-12 10:42:43,279 INFO 4095 [egg-security] use methodnoallow middleware
2020-06-12 10:42:43,279 INFO 4095 [egg-security] use noopen middleware
2020-06-12 10:42:43,279 INFO 4095 [egg-security] use nosniff middleware
2020-06-12 10:42:43,279 INFO 4095 [egg-security] use xssProtection middleware
2020-06-12 10:42:43,280 INFO 4095 [egg-security] use xframe middleware
2020-06-12 10:42:43,280 INFO 4095 [egg-security] use dta middleware
2020-06-12 10:42:43,280 INFO 4095 [egg-security] compose 6 middlewares into one security middleware
2020-06-12 10:42:43,296 INFO 4095 [egg:core] dump config after load, 5ms
2020-06-12 10:42:43,326 INFO 4095 [egg-watcher:application] watcher start success
2020-06-12 10:42:43,328 INFO 4095 [egg-mysql] instance[0] status OK, rds currentTime: Fri Jun 12 2020 10:42:43 GMT+0800 (GMT+08:00)
2020-06-12 10:42:43,362 INFO 4095 [egg:core] dump config after ready, 16ms
2020-06-12 10:42:49,084 INFO 4114 [egg:logger] init all loggers with options: {"dir":"/Users/yuakira/dev/projects/Psychology2/logs/Psychology","encoding":"utf8","env":"local","level":"INFO","consoleLevel":"INFO","disableConsoleAfterReady":false,"outputJSON":false,"buffer":true,"appLogName":"Psychology-web.log","coreLogName":"egg-web.log","agentLogName":"egg-agent.log","errorLogName":"common-error.log","coreLogger":{"consoleLevel":"WARN"},"allowDebugAtProd":false,"type":"application"}
2020-06-12 10:42:49,104 INFO 4114 [egg-multipart] stream mode enable
2020-06-12 10:42:49,104 INFO 4114 [egg-mysql] connecting root@localhost:3306/project_psychology
2020-06-12 10:42:49,246 INFO 4114 [egg-static] starting static serve /public/ -> /Users/yuakira/dev/projects/Psychology2/app/public
2020-06-12 10:42:49,247 INFO 4114 [egg-security] use methodnoallow middleware
2020-06-12 10:42:49,248 INFO 4114 [egg-security] use noopen middleware
2020-06-12 10:42:49,248 INFO 4114 [egg-security] use nosniff middleware
2020-06-12 10:42:49,248 INFO 4114 [egg-security] use xssProtection middleware
2020-06-12 10:42:49,249 INFO 4114 [egg-security] use xframe middleware
2020-06-12 10:42:49,249 INFO 4114 [egg-security] use dta middleware
2020-06-12 10:42:49,249 INFO 4114 [egg-security] compose 6 middlewares into one security middleware
2020-06-12 10:42:49,261 INFO 4114 [egg:core] dump config after load, 4ms
2020-06-12 10:42:49,289 INFO 4114 [egg-watcher:application] watcher start success
2020-06-12 10:42:49,290 INFO 4114 [egg-mysql] instance[0] status OK, rds currentTime: Fri Jun 12 2020 10:42:49 GMT+0800 (GMT+08:00)
2020-06-12 10:42:49,308 INFO 4114 [egg:core] dump config after ready, 4ms
2020-06-12 10:44:26,372 INFO 4143 [egg:logger] init all loggers with options: {"dir":"/Users/yuakira/dev/projects/Psychology2/logs/Psychology","encoding":"utf8","env":"local","level":"INFO","consoleLevel":"INFO","disableConsoleAfterReady":false,"outputJSON":false,"buffer":true,"appLogName":"Psychology-web.log","coreLogName":"egg-web.log","agentLogName":"egg-agent.log","errorLogName":"common-error.log","coreLogger":{"consoleLevel":"WARN"},"allowDebugAtProd":false,"type":"application"}
2020-06-12 10:44:26,398 INFO 4143 [egg-multipart] stream mode enable
2020-06-12 10:44:26,398 INFO 4143 [egg-mysql] connecting root@localhost:3306/project_psychology
2020-06-12 10:44:26,729 INFO 4143 [egg-static] starting static serve /public/ -> /Users/yuakira/dev/projects/Psychology2/app/public
2020-06-12 10:44:26,731 INFO 4143 [egg-security] use methodnoallow middleware
2020-06-12 10:44:26,731 INFO 4143 [egg-security] use noopen middleware
2020-06-12 10:44:26,732 INFO 4143 [egg-security] use nosniff middleware
2020-06-12 10:44:26,733 INFO 4143 [egg-security] use xssProtection middleware
2020-06-12 10:44:26,734 INFO 4143 [egg-security] use xframe middleware
2020-06-12 10:44:26,735 INFO 4143 [egg-security] use dta middleware
2020-06-12 10:44:26,735 INFO 4143 [egg-security] compose 6 middlewares into one security middleware
2020-06-12 10:44:26,755 INFO 4143 [egg:core] dump config after load, 5ms
2020-06-12 10:44:26,785 INFO 4143 [egg-watcher:application] watcher start success
2020-06-12 10:44:26,786 INFO 4143 [egg-mysql] instance[0] status OK, rds currentTime: Fri Jun 12 2020 10:44:26 GMT+0800 (GMT+08:00)
2020-06-12 10:44:26,804 INFO 4143 [egg:core] dump config after ready, 4ms
