2020-06-12 10:19:55,607 INFO 3404 [egg-sequelize](1ms) Executed (default): SELECT 1+1 AS result
2020-06-12 10:21:30,563 INFO 3431 [egg-sequelize](1ms) Executed (default): SELECT 1+1 AS result
2020-06-12 10:21:59,466 INFO 3465 [egg-sequelize](1ms) Executed (default): SELECT 1+1 AS result
2020-06-12 10:22:30,632 INFO 3502 [egg-sequelize](0ms) Executed (default): SELECT 1+1 AS result
2020-06-12 10:23:07,193 INFO 3527 [egg-sequelize](0ms) Executed (default): SELECT 1+1 AS result
2020-06-12 10:23:27,783 INFO 3556 [egg-sequelize](1ms) Executed (default): SELECT 1+1 AS result
2020-06-12 10:23:31,661 INFO 3567 [egg-sequelize](0ms) Executed (default): SELECT 1+1 AS result
2020-06-12 10:24:31,199 INFO 3594 [egg-sequelize](1ms) Executed (default): SELECT 1+1 AS result
2020-06-12 10:24:43,451 INFO 3615 [egg-sequelize](0ms) Executed (default): SELECT 1+1 AS result
2020-06-12 10:25:04,876 INFO 3639 [egg-sequelize](1ms) Executed (default): SELECT 1+1 AS result
2020-06-12 10:25:32,783 INFO 3639 [egg-sequelize](20ms) Executed (default): SELECT `p_role`.`id`, `p_role`.`name`, `p_role`.`status`, `permissions`.`id` AS `permissions.id`, `permissions`.`apis` AS `permissions.apis`, `permissions`.`name` AS `permissions.name`, `permissions`.`status` AS `permissions.status`, `permissions`.`role_id` AS `permissions.role_id` FROM `p_role` AS `p_role` LEFT OUTER JOIN `p_permission` AS `permissions` ON `p_role`.`id` = `permissions`.`role_id` WHERE `p_role`.`id` = 1 AND `p_role`.`status` = 1;
2020-06-12 10:27:35,011 INFO 3639 [egg-sequelize](2ms) Executed (default): SELECT `p_role`.`id`, `p_role`.`name`, `p_role`.`status`, `permissions`.`id` AS `permissions.id`, `permissions`.`apis` AS `permissions.apis`, `permissions`.`name` AS `permissions.name`, `permissions`.`status` AS `permissions.status`, `permissions`.`role_id` AS `permissions.role_id` FROM `p_role` AS `p_role` LEFT OUTER JOIN `p_permission` AS `permissions` ON `p_role`.`id` = `permissions`.`role_id` WHERE `p_role`.`id` = 1 AND `p_role`.`status` = 1;
2020-06-12 10:27:35,019 INFO 3639 [egg-sequelize](1ms) Executed (429c93e0-4a0c-43eb-926d-cd38d0bbb807): START TRANSACTION;
2020-06-12 10:27:35,025 INFO 3639 [egg-sequelize](2ms) Executed (default): SELECT `id`, `name`, `status` FROM `p_role` AS `p_role` WHERE `p_role`.`id` = '1' AND `p_role`.`status` = 1;
2020-06-12 10:27:35,045 INFO 3639 [egg-sequelize](12ms) Executed (429c93e0-4a0c-43eb-926d-cd38d0bbb807): UPDATE `p_role` SET `name`=? WHERE `id` = ? AND `status` = ?
2020-06-12 10:27:35,048 INFO 3639 [egg-sequelize](1ms) Executed (default): SELECT `id`, `apis`, `name`, `status`, `role_id` FROM `p_permission` AS `p_permission` WHERE `p_permission`.`role_id` = 1;
2020-06-12 10:27:35,063 INFO 3639 [egg-sequelize](6ms) Executed (429c93e0-4a0c-43eb-926d-cd38d0bbb807): DELETE FROM `p_permission` WHERE `id` = 13
2020-06-12 10:27:35,064 INFO 3639 [egg-sequelize](6ms) Executed (429c93e0-4a0c-43eb-926d-cd38d0bbb807): DELETE FROM `p_permission` WHERE `id` = 14
2020-06-12 10:27:35,064 INFO 3639 [egg-sequelize](6ms) Executed (429c93e0-4a0c-43eb-926d-cd38d0bbb807): DELETE FROM `p_permission` WHERE `id` = 15
2020-06-12 10:27:35,075 INFO 3639 [egg-sequelize](15ms) Executed (429c93e0-4a0c-43eb-926d-cd38d0bbb807): INSERT INTO `p_permission` (`id`,`apis`,`name`,`status`) VALUES (DEFAULT,?,?,?);
2020-06-12 10:27:35,081 INFO 3639 [egg-sequelize](1ms) Executed (429c93e0-4a0c-43eb-926d-cd38d0bbb807): UPDATE `p_permission` SET `role_id`=? WHERE `id` IN (16)
2020-06-12 10:27:35,085 INFO 3639 [egg-sequelize](1ms) Executed (429c93e0-4a0c-43eb-926d-cd38d0bbb807): INSERT INTO `p_permission` (`id`,`apis`,`name`,`status`) VALUES (DEFAULT,?,?,?);
2020-06-12 10:27:35,087 INFO 3639 [egg-sequelize](0ms) Executed (429c93e0-4a0c-43eb-926d-cd38d0bbb807): UPDATE `p_permission` SET `role_id`=? WHERE `id` IN (17)
2020-06-12 10:27:35,091 INFO 3639 [egg-sequelize](1ms) Executed (429c93e0-4a0c-43eb-926d-cd38d0bbb807): INSERT INTO `p_permission` (`id`,`apis`,`name`,`status`) VALUES (DEFAULT,?,?,?);
2020-06-12 10:27:35,099 INFO 3639 [egg-sequelize](2ms) Executed (429c93e0-4a0c-43eb-926d-cd38d0bbb807): UPDATE `p_permission` SET `role_id`=? WHERE `id` IN (18)
2020-06-12 10:27:35,106 INFO 3639 [egg-sequelize](2ms) Executed (429c93e0-4a0c-43eb-926d-cd38d0bbb807): COMMIT;
2020-06-12 10:27:42,328 INFO 3639 [egg-sequelize](1ms) Executed (default): SELECT `p_role`.`id`, `p_role`.`name`, `p_role`.`status`, `permissions`.`id` AS `permissions.id`, `permissions`.`apis` AS `permissions.apis`, `permissions`.`name` AS `permissions.name`, `permissions`.`status` AS `permissions.status`, `permissions`.`role_id` AS `permissions.role_id` FROM `p_role` AS `p_role` LEFT OUTER JOIN `p_permission` AS `permissions` ON `p_role`.`id` = `permissions`.`role_id` WHERE `p_role`.`id` = 1 AND `p_role`.`status` = 1;
2020-06-12 10:29:10,746 INFO 3639 [egg-sequelize](2ms) Executed (default): SELECT `p_role`.`id`, `p_role`.`name`, `p_role`.`status`, `permissions`.`id` AS `permissions.id`, `permissions`.`apis` AS `permissions.apis`, `permissions`.`name` AS `permissions.name`, `permissions`.`status` AS `permissions.status`, `permissions`.`role_id` AS `permissions.role_id` FROM `p_role` AS `p_role` LEFT OUTER JOIN `p_permission` AS `permissions` ON `p_role`.`id` = `permissions`.`role_id` WHERE `p_role`.`id` = 1 AND `p_role`.`status` = 1;
2020-06-12 10:29:10,758 INFO 3639 [egg-sequelize](1ms) Executed (1244122a-c9a9-4414-a00b-fb379e9844ef): START TRANSACTION;
2020-06-12 10:29:10,762 INFO 3639 [egg-sequelize](1ms) Executed (default): SELECT `id`, `name`, `status` FROM `p_role` AS `p_role` WHERE `p_role`.`id` = '1' AND `p_role`.`status` = 1;
2020-06-12 10:29:10,766 INFO 3639 [egg-sequelize](1ms) Executed (1244122a-c9a9-4414-a00b-fb379e9844ef): UPDATE `p_role` SET `name`=? WHERE `id` = ? AND `status` = ?
2020-06-12 10:29:10,770 INFO 3639 [egg-sequelize](1ms) Executed (default): SELECT `id`, `apis`, `name`, `status`, `role_id` FROM `p_permission` AS `p_permission` WHERE `p_permission`.`role_id` = 1;
2020-06-12 10:29:10,775 INFO 3639 [egg-sequelize](2ms) Executed (1244122a-c9a9-4414-a00b-fb379e9844ef): DELETE FROM `p_permission` WHERE `id` = 16
2020-06-12 10:29:10,775 INFO 3639 [egg-sequelize](2ms) Executed (1244122a-c9a9-4414-a00b-fb379e9844ef): DELETE FROM `p_permission` WHERE `id` = 17
2020-06-12 10:29:10,776 INFO 3639 [egg-sequelize](3ms) Executed (1244122a-c9a9-4414-a00b-fb379e9844ef): DELETE FROM `p_permission` WHERE `id` = 18
2020-06-12 10:29:10,777 INFO 3639 [egg-sequelize](3ms) Executed (1244122a-c9a9-4414-a00b-fb379e9844ef): INSERT INTO `p_permission` (`id`,`apis`,`name`,`status`) VALUES (DEFAULT,?,?,?);
2020-06-12 10:29:10,780 INFO 3639 [egg-sequelize](0ms) Executed (1244122a-c9a9-4414-a00b-fb379e9844ef): UPDATE `p_permission` SET `role_id`=? WHERE `id` IN (19)
2020-06-12 10:29:10,783 INFO 3639 [egg-sequelize](0ms) Executed (1244122a-c9a9-4414-a00b-fb379e9844ef): INSERT INTO `p_permission` (`id`,`apis`,`name`,`status`) VALUES (DEFAULT,?,?,?);
2020-06-12 10:29:10,788 INFO 3639 [egg-sequelize](1ms) Executed (1244122a-c9a9-4414-a00b-fb379e9844ef): UPDATE `p_permission` SET `role_id`=? WHERE `id` IN (20)
2020-06-12 10:29:10,790 INFO 3639 [egg-sequelize](0ms) Executed (1244122a-c9a9-4414-a00b-fb379e9844ef): INSERT INTO `p_permission` (`id`,`apis`,`name`,`status`) VALUES (DEFAULT,?,?,?);
2020-06-12 10:29:10,794 INFO 3639 [egg-sequelize](1ms) Executed (1244122a-c9a9-4414-a00b-fb379e9844ef): UPDATE `p_permission` SET `role_id`=? WHERE `id` IN (21)
2020-06-12 10:29:10,795 INFO 3639 [egg-sequelize](1ms) Executed (1244122a-c9a9-4414-a00b-fb379e9844ef): COMMIT;
2020-06-12 10:29:12,664 INFO 3639 [egg-sequelize](0ms) Executed (default): SELECT `p_role`.`id`, `p_role`.`name`, `p_role`.`status`, `permissions`.`id` AS `permissions.id`, `permissions`.`apis` AS `permissions.apis`, `permissions`.`name` AS `permissions.name`, `permissions`.`status` AS `permissions.status`, `permissions`.`role_id` AS `permissions.role_id` FROM `p_role` AS `p_role` LEFT OUTER JOIN `p_permission` AS `permissions` ON `p_role`.`id` = `permissions`.`role_id` WHERE `p_role`.`id` = 1 AND `p_role`.`status` = 1;
2020-06-12 10:29:12,698 INFO 3639 [egg-sequelize](1ms) Executed (0ec89653-98fd-48e5-b98c-12c54ba0b3a2): START TRANSACTION;
2020-06-12 10:29:12,700 INFO 3639 [egg-sequelize](0ms) Executed (default): SELECT `id`, `name`, `status` FROM `p_role` AS `p_role` WHERE `p_role`.`id` = '1' AND `p_role`.`status` = 1;
2020-06-12 10:29:12,703 INFO 3639 [egg-sequelize](1ms) Executed (0ec89653-98fd-48e5-b98c-12c54ba0b3a2): UPDATE `p_role` SET `name`=? WHERE `id` = ? AND `status` = ?
2020-06-12 10:29:12,705 INFO 3639 [egg-sequelize](0ms) Executed (default): SELECT `id`, `apis`, `name`, `status`, `role_id` FROM `p_permission` AS `p_permission` WHERE `p_permission`.`role_id` = 1;
2020-06-12 10:29:12,711 INFO 3639 [egg-sequelize](1ms) Executed (0ec89653-98fd-48e5-b98c-12c54ba0b3a2): DELETE FROM `p_permission` WHERE `id` = 19
2020-06-12 10:29:12,713 INFO 3639 [egg-sequelize](2ms) Executed (0ec89653-98fd-48e5-b98c-12c54ba0b3a2): DELETE FROM `p_permission` WHERE `id` = 20
2020-06-12 10:29:12,713 INFO 3639 [egg-sequelize](3ms) Executed (0ec89653-98fd-48e5-b98c-12c54ba0b3a2): DELETE FROM `p_permission` WHERE `id` = 21
2020-06-12 10:29:12,715 INFO 3639 [egg-sequelize](4ms) Executed (0ec89653-98fd-48e5-b98c-12c54ba0b3a2): INSERT INTO `p_permission` (`id`,`apis`,`name`,`status`) VALUES (DEFAULT,?,?,?);
2020-06-12 10:29:12,721 INFO 3639 [egg-sequelize](1ms) Executed (0ec89653-98fd-48e5-b98c-12c54ba0b3a2): UPDATE `p_permission` SET `role_id`=? WHERE `id` IN (22)
2020-06-12 10:29:12,724 INFO 3639 [egg-sequelize](1ms) Executed (0ec89653-98fd-48e5-b98c-12c54ba0b3a2): INSERT INTO `p_permission` (`id`,`apis`,`name`,`status`) VALUES (DEFAULT,?,?,?);
2020-06-12 10:29:12,730 INFO 3639 [egg-sequelize](3ms) Executed (0ec89653-98fd-48e5-b98c-12c54ba0b3a2): UPDATE `p_permission` SET `role_id`=? WHERE `id` IN (23)
2020-06-12 10:29:12,735 INFO 3639 [egg-sequelize](1ms) Executed (0ec89653-98fd-48e5-b98c-12c54ba0b3a2): INSERT INTO `p_permission` (`id`,`apis`,`name`,`status`) VALUES (DEFAULT,?,?,?);
2020-06-12 10:29:12,738 INFO 3639 [egg-sequelize](1ms) Executed (0ec89653-98fd-48e5-b98c-12c54ba0b3a2): UPDATE `p_permission` SET `role_id`=? WHERE `id` IN (24)
2020-06-12 10:29:12,740 INFO 3639 [egg-sequelize](1ms) Executed (0ec89653-98fd-48e5-b98c-12c54ba0b3a2): COMMIT;
2020-06-12 10:30:51,645 INFO 3639 [egg-sequelize](2ms) Executed (default): SELECT `p_role`.`id`, `p_role`.`name`, `p_role`.`status`, `permissions`.`id` AS `permissions.id`, `permissions`.`apis` AS `permissions.apis`, `permissions`.`name` AS `permissions.name`, `permissions`.`status` AS `permissions.status`, `permissions`.`role_id` AS `permissions.role_id` FROM `p_role` AS `p_role` LEFT OUTER JOIN `p_permission` AS `permissions` ON `p_role`.`id` = `permissions`.`role_id` WHERE `p_role`.`id` = 1 AND `p_role`.`status` = 1;
2020-06-12 10:33:49,851 INFO 3778 [egg-sequelize](1ms) Executed (default): SELECT 1+1 AS result
2020-06-12 10:33:52,833 INFO 3792 [egg-sequelize](1ms) Executed (default): SELECT 1+1 AS result
2020-06-12 10:33:54,054 INFO 3792 [egg-sequelize](0ms) Executed (6586346d-d256-491a-873a-b0400e19bfbf): START TRANSACTION;
2020-06-12 10:33:54,063 INFO 3792 [egg-sequelize](3ms) Executed (6586346d-d256-491a-873a-b0400e19bfbf): INSERT INTO `p_role` (`id`,`name`,`status`) VALUES (DEFAULT,?,?);
2020-06-12 10:33:54,069 INFO 3792 [egg-sequelize](2ms) Executed (6586346d-d256-491a-873a-b0400e19bfbf): INSERT INTO `p_permission` (`id`,`apis`,`name`,`status`) VALUES (DEFAULT,?,?,?);
2020-06-12 10:33:54,077 INFO 3792 [egg-sequelize](1ms) Executed (6586346d-d256-491a-873a-b0400e19bfbf): UPDATE `p_permission` SET `role_id`=? WHERE `id` IN (25)
2020-06-12 10:33:54,085 INFO 3792 [egg-sequelize](0ms) Executed (6586346d-d256-491a-873a-b0400e19bfbf): INSERT INTO `p_permission` (`id`,`apis`,`name`,`status`) VALUES (DEFAULT,?,?,?);
2020-06-12 10:33:54,090 INFO 3792 [egg-sequelize](0ms) Executed (6586346d-d256-491a-873a-b0400e19bfbf): UPDATE `p_permission` SET `role_id`=? WHERE `id` IN (26)
2020-06-12 10:33:54,093 INFO 3792 [egg-sequelize](1ms) Executed (6586346d-d256-491a-873a-b0400e19bfbf): INSERT INTO `p_permission` (`id`,`apis`,`name`,`status`) VALUES (DEFAULT,?,?,?);
2020-06-12 10:33:54,096 INFO 3792 [egg-sequelize](1ms) Executed (6586346d-d256-491a-873a-b0400e19bfbf): UPDATE `p_permission` SET `role_id`=? WHERE `id` IN (27)
2020-06-12 10:33:54,098 INFO 3792 [egg-sequelize](1ms) Executed (6586346d-d256-491a-873a-b0400e19bfbf): COMMIT;
2020-06-12 10:35:19,117 INFO 3792 [egg-sequelize](1ms) Executed (9e3632cc-bfeb-435f-84d2-418f55bfe6bf): START TRANSACTION;
2020-06-12 10:35:19,127 INFO 3792 [egg-sequelize](1ms) Executed (default): SELECT `id`, `name`, `status` FROM `p_role` AS `p_role` WHERE `p_role`.`id` = '1' AND `p_role`.`status` = 1;
2020-06-12 10:35:19,133 INFO 3792 [egg-sequelize](1ms) Executed (9e3632cc-bfeb-435f-84d2-418f55bfe6bf): UPDATE `p_role` SET `name`=? WHERE `id` = ? AND `status` = ?
2020-06-12 10:35:19,136 INFO 3792 [egg-sequelize](1ms) Executed (default): SELECT `id`, `apis`, `name`, `status`, `role_id` FROM `p_permission` AS `p_permission` WHERE `p_permission`.`role_id` = 1;
2020-06-12 10:35:19,144 INFO 3792 [egg-sequelize](1ms) Executed (9e3632cc-bfeb-435f-84d2-418f55bfe6bf): DELETE FROM `p_permission` WHERE `id` = 25
2020-06-12 10:35:19,145 INFO 3792 [egg-sequelize](2ms) Executed (9e3632cc-bfeb-435f-84d2-418f55bfe6bf): DELETE FROM `p_permission` WHERE `id` = 26
2020-06-12 10:35:19,145 INFO 3792 [egg-sequelize](2ms) Executed (9e3632cc-bfeb-435f-84d2-418f55bfe6bf): DELETE FROM `p_permission` WHERE `id` = 27
2020-06-12 10:35:19,147 INFO 3792 [egg-sequelize](3ms) Executed (9e3632cc-bfeb-435f-84d2-418f55bfe6bf): INSERT INTO `p_permission` (`id`,`apis`,`name`,`status`) VALUES (DEFAULT,?,?,?);
2020-06-12 10:35:19,150 INFO 3792 [egg-sequelize](1ms) Executed (9e3632cc-bfeb-435f-84d2-418f55bfe6bf): UPDATE `p_permission` SET `role_id`=? WHERE `id` IN (28)
2020-06-12 10:35:19,153 INFO 3792 [egg-sequelize](1ms) Executed (9e3632cc-bfeb-435f-84d2-418f55bfe6bf): INSERT INTO `p_permission` (`id`,`apis`,`name`,`status`) VALUES (DEFAULT,?,?,?);
2020-06-12 10:35:19,157 INFO 3792 [egg-sequelize](2ms) Executed (9e3632cc-bfeb-435f-84d2-418f55bfe6bf): UPDATE `p_permission` SET `role_id`=? WHERE `id` IN (29)
2020-06-12 10:35:19,160 INFO 3792 [egg-sequelize](1ms) Executed (9e3632cc-bfeb-435f-84d2-418f55bfe6bf): INSERT INTO `p_permission` (`id`,`apis`,`name`,`status`) VALUES (DEFAULT,?,?,?);
2020-06-12 10:35:19,163 INFO 3792 [egg-sequelize](1ms) Executed (9e3632cc-bfeb-435f-84d2-418f55bfe6bf): UPDATE `p_permission` SET `role_id`=? WHERE `id` IN (30)
2020-06-12 10:35:19,166 INFO 3792 [egg-sequelize](1ms) Executed (9e3632cc-bfeb-435f-84d2-418f55bfe6bf): INSERT INTO `p_permission` (`id`,`apis`,`name`,`status`) VALUES (DEFAULT,?,?,?);
2020-06-12 10:35:19,169 INFO 3792 [egg-sequelize](1ms) Executed (9e3632cc-bfeb-435f-84d2-418f55bfe6bf): UPDATE `p_permission` SET `role_id`=? WHERE `id` IN (31)
2020-06-12 10:35:19,171 INFO 3792 [egg-sequelize](1ms) Executed (9e3632cc-bfeb-435f-84d2-418f55bfe6bf): COMMIT;
2020-06-12 10:35:50,296 INFO 3842 [egg-sequelize](1ms) Executed (default): SELECT 1+1 AS result
2020-06-12 10:37:18,731 INFO 3842 [egg-sequelize](2ms) Executed (be1bbacd-ef2b-4515-8fea-401a42d82bae): START TRANSACTION;
2020-06-12 10:37:18,745 INFO 3842 [egg-sequelize](1ms) Executed (default): SELECT `id`, `name`, `status` FROM `p_role` AS `p_role` WHERE `p_role`.`id` = '1' AND `p_role`.`status` = 1;
2020-06-12 10:37:18,754 INFO 3842 [egg-sequelize](2ms) Executed (be1bbacd-ef2b-4515-8fea-401a42d82bae): UPDATE `p_role` SET `name`=? WHERE `id` = ? AND `status` = ?
2020-06-12 10:37:18,759 INFO 3842 [egg-sequelize](2ms) Executed (default): SELECT `id`, `apis`, `name`, `status`, `role_id` FROM `p_permission` AS `p_permission` WHERE `p_permission`.`role_id` = 1;
2020-06-12 10:37:18,767 INFO 3842 [egg-sequelize](2ms) Executed (be1bbacd-ef2b-4515-8fea-401a42d82bae): DELETE FROM `p_permission` WHERE `id` = 28
2020-06-12 10:37:18,767 INFO 3842 [egg-sequelize](3ms) Executed (be1bbacd-ef2b-4515-8fea-401a42d82bae): DELETE FROM `p_permission` WHERE `id` = 29
2020-06-12 10:37:18,768 INFO 3842 [egg-sequelize](4ms) Executed (be1bbacd-ef2b-4515-8fea-401a42d82bae): DELETE FROM `p_permission` WHERE `id` = 30
2020-06-12 10:37:18,768 INFO 3842 [egg-sequelize](4ms) Executed (be1bbacd-ef2b-4515-8fea-401a42d82bae): DELETE FROM `p_permission` WHERE `id` = 31
2020-06-12 10:37:18,769 INFO 3842 [egg-sequelize](3ms) Executed (be1bbacd-ef2b-4515-8fea-401a42d82bae): INSERT INTO `p_permission` (`id`,`apis`,`name`,`status`) VALUES (DEFAULT,?,?,?);
2020-06-12 10:37:18,774 INFO 3842 [egg-sequelize](1ms) Executed (be1bbacd-ef2b-4515-8fea-401a42d82bae): UPDATE `p_permission` SET `role_id`=? WHERE `id` IN (32)
2020-06-12 10:37:18,777 INFO 3842 [egg-sequelize](1ms) Executed (be1bbacd-ef2b-4515-8fea-401a42d82bae): INSERT INTO `p_permission` (`id`,`apis`,`name`,`status`) VALUES (DEFAULT,?,?,?);
2020-06-12 10:37:18,780 INFO 3842 [egg-sequelize](1ms) Executed (be1bbacd-ef2b-4515-8fea-401a42d82bae): UPDATE `p_permission` SET `role_id`=? WHERE `id` IN (33)
2020-06-12 10:37:18,782 INFO 3842 [egg-sequelize](0ms) Executed (be1bbacd-ef2b-4515-8fea-401a42d82bae): INSERT INTO `p_permission` (`id`,`apis`,`name`,`status`) VALUES (DEFAULT,?,?,?);
2020-06-12 10:37:18,786 INFO 3842 [egg-sequelize](1ms) Executed (be1bbacd-ef2b-4515-8fea-401a42d82bae): UPDATE `p_permission` SET `role_id`=? WHERE `id` IN (34)
2020-06-12 10:37:18,788 INFO 3842 [egg-sequelize](0ms) Executed (be1bbacd-ef2b-4515-8fea-401a42d82bae): INSERT INTO `p_permission` (`id`,`apis`,`name`,`status`) VALUES (DEFAULT,?,?,?);
2020-06-12 10:37:18,791 INFO 3842 [egg-sequelize](0ms) Executed (be1bbacd-ef2b-4515-8fea-401a42d82bae): UPDATE `p_permission` SET `role_id`=? WHERE `id` IN (35)
2020-06-12 10:37:18,794 INFO 3842 [egg-sequelize](1ms) Executed (be1bbacd-ef2b-4515-8fea-401a42d82bae): INSERT INTO `p_permission` (`id`,`apis`,`name`,`status`) VALUES (DEFAULT,?,?,?);
2020-06-12 10:37:18,797 INFO 3842 [egg-sequelize](1ms) Executed (be1bbacd-ef2b-4515-8fea-401a42d82bae): UPDATE `p_permission` SET `role_id`=? WHERE `id` IN (36)
2020-06-12 10:37:18,799 INFO 3842 [egg-sequelize](1ms) Executed (be1bbacd-ef2b-4515-8fea-401a42d82bae): INSERT INTO `p_permission` (`id`,`apis`,`name`,`status`) VALUES (DEFAULT,?,?,?);
2020-06-12 10:37:18,802 INFO 3842 [egg-sequelize](1ms) Executed (be1bbacd-ef2b-4515-8fea-401a42d82bae): UPDATE `p_permission` SET `role_id`=? WHERE `id` IN (37)
2020-06-12 10:37:18,804 INFO 3842 [egg-sequelize](0ms) Executed (be1bbacd-ef2b-4515-8fea-401a42d82bae): INSERT INTO `p_permission` (`id`,`apis`,`name`,`status`) VALUES (DEFAULT,?,?,?);
2020-06-12 10:37:18,808 INFO 3842 [egg-sequelize](1ms) Executed (be1bbacd-ef2b-4515-8fea-401a42d82bae): UPDATE `p_permission` SET `role_id`=? WHERE `id` IN (38)
2020-06-12 10:37:18,811 INFO 3842 [egg-sequelize](1ms) Executed (be1bbacd-ef2b-4515-8fea-401a42d82bae): INSERT INTO `p_permission` (`id`,`apis`,`name`,`status`) VALUES (DEFAULT,?,?,?);
2020-06-12 10:37:18,814 INFO 3842 [egg-sequelize](1ms) Executed (be1bbacd-ef2b-4515-8fea-401a42d82bae): UPDATE `p_permission` SET `role_id`=? WHERE `id` IN (39)
2020-06-12 10:37:18,816 INFO 3842 [egg-sequelize](1ms) Executed (be1bbacd-ef2b-4515-8fea-401a42d82bae): COMMIT;
2020-06-12 10:38:01,411 ERROR 3842 [-/::1/-/4ms GET /api/role/routes?id=1] nodejs.TypeError: Cannot read property 'checkData' of undefined
    at RoleController.getOne (/Users/yuakira/dev/projects/Psychology2/app/controller/role.js:87:36)
    at Object.callFn (/Users/yuakira/dev/projects/Psychology2/node_modules/egg-core/lib/utils/index.js:44:21)
    at Object.classControllerMiddleware (/Users/yuakira/dev/projects/Psychology2/node_modules/egg-core/lib/loader/mixin/controller.js:87:20)
    at Object.callFn (/Users/yuakira/dev/projects/Psychology2/node_modules/@eggjs/router/lib/utils.js:12:21)
    at wrappedController (/Users/yuakira/dev/projects/Psychology2/node_modules/@eggjs/router/lib/egg_router.js:322:18)
    at dispatch (/Users/yuakira/dev/projects/Psychology2/node_modules/koa-compose/index.js:44:32)
    at next (/Users/yuakira/dev/projects/Psychology2/node_modules/koa-compose/index.js:45:18)
    at /Users/yuakira/dev/projects/Psychology2/node_modules/@eggjs/router/lib/router.js:190:18
    at dispatch (/Users/yuakira/dev/projects/Psychology2/node_modules/koa-compose/index.js:44:32)
    at /Users/yuakira/dev/projects/Psychology2/node_modules/koa-compose/index.js:36:12
    at dispatch (/Users/yuakira/dev/projects/Psychology2/node_modules/@eggjs/router/lib/router.js:195:33)
    at dispatch (/Users/yuakira/dev/projects/Psychology2/node_modules/koa/node_modules/koa-compose/index.js:42:32)
    at responseOption (/Users/yuakira/dev/projects/Psychology2/app/middleware/responseOption.js:11:19)
    at dispatch (/Users/yuakira/dev/projects/Psychology2/node_modules/koa/node_modules/koa-compose/index.js:42:32)
    at isLogin (/Users/yuakira/dev/projects/Psychology2/app/middleware/isLogin.js:12:19)
    at processTicksAndRejections (internal/process/task_queues.js:97:5)
    at async /Users/yuakira/dev/projects/Psychology2/node_modules/egg-development/app/middleware/egg_loader_trace.js:9:50
    at async xframe (/Users/yuakira/dev/projects/Psychology2/node_modules/egg-security/lib/middlewares/xframe.js:7:5)
    at async xssProtection (/Users/yuakira/dev/projects/Psychology2/node_modules/egg-security/lib/middlewares/xssProtection.js:7:5)
    at async nosniff (/Users/yuakira/dev/projects/Psychology2/node_modules/egg-security/lib/middlewares/nosniff.js:8:5)
    at async noopen (/Users/yuakira/dev/projects/Psychology2/node_modules/egg-security/lib/middlewares/noopen.js:8:5)
    at async session (/Users/yuakira/dev/projects/Psychology2/node_modules/koa-session/index.js:41:7)

pid: 3842
hostname: yudeMacBook-Pro.local

2020-06-12 10:39:05,108 INFO 3890 [egg-sequelize](1ms) Executed (default): SELECT 1+1 AS result
2020-06-12 10:39:06,923 INFO 3902 [egg-sequelize](0ms) Executed (default): SELECT 1+1 AS result
2020-06-12 10:39:08,191 ERROR 3902 [-/::1/-/23ms GET /api/role/routes?id=1] nodejs.TypeError: service.role.getOne is not a function
    at RoleController.getOne (/Users/yuakira/dev/projects/Psychology2/app/controller/role.js:90:37)
    at Object.callFn (/Users/yuakira/dev/projects/Psychology2/node_modules/egg-core/lib/utils/index.js:44:21)
    at Object.classControllerMiddleware (/Users/yuakira/dev/projects/Psychology2/node_modules/egg-core/lib/loader/mixin/controller.js:87:20)
    at Object.callFn (/Users/yuakira/dev/projects/Psychology2/node_modules/@eggjs/router/lib/utils.js:12:21)
    at wrappedController (/Users/yuakira/dev/projects/Psychology2/node_modules/@eggjs/router/lib/egg_router.js:322:18)
    at dispatch (/Users/yuakira/dev/projects/Psychology2/node_modules/koa-compose/index.js:44:32)
    at next (/Users/yuakira/dev/projects/Psychology2/node_modules/koa-compose/index.js:45:18)
    at /Users/yuakira/dev/projects/Psychology2/node_modules/@eggjs/router/lib/router.js:190:18
    at dispatch (/Users/yuakira/dev/projects/Psychology2/node_modules/koa-compose/index.js:44:32)
    at /Users/yuakira/dev/projects/Psychology2/node_modules/koa-compose/index.js:36:12
    at dispatch (/Users/yuakira/dev/projects/Psychology2/node_modules/@eggjs/router/lib/router.js:195:33)
    at dispatch (/Users/yuakira/dev/projects/Psychology2/node_modules/koa/node_modules/koa-compose/index.js:42:32)
    at responseOption (/Users/yuakira/dev/projects/Psychology2/app/middleware/responseOption.js:11:19)
    at dispatch (/Users/yuakira/dev/projects/Psychology2/node_modules/koa/node_modules/koa-compose/index.js:42:32)
    at isLogin (/Users/yuakira/dev/projects/Psychology2/app/middleware/isLogin.js:12:19)
    at processTicksAndRejections (internal/process/task_queues.js:97:5)
    at async /Users/yuakira/dev/projects/Psychology2/node_modules/egg-development/app/middleware/egg_loader_trace.js:9:50
    at async xframe (/Users/yuakira/dev/projects/Psychology2/node_modules/egg-security/lib/middlewares/xframe.js:7:5)
    at async xssProtection (/Users/yuakira/dev/projects/Psychology2/node_modules/egg-security/lib/middlewares/xssProtection.js:7:5)
    at async nosniff (/Users/yuakira/dev/projects/Psychology2/node_modules/egg-security/lib/middlewares/nosniff.js:8:5)
    at async noopen (/Users/yuakira/dev/projects/Psychology2/node_modules/egg-security/lib/middlewares/noopen.js:8:5)
    at async session (/Users/yuakira/dev/projects/Psychology2/node_modules/koa-session/index.js:41:7)

pid: 3902
hostname: yudeMacBook-Pro.local

2020-06-12 10:39:39,664 INFO 3923 [egg-sequelize](1ms) Executed (default): SELECT 1+1 AS result
2020-06-12 10:39:45,268 INFO 3923 [egg-sequelize](4ms) Executed (default): SELECT `p_role`.*, `permissions`.`id` AS `permissions.id`, `permissions`.`name` AS `permissions.name`, `permissions`.`apis` AS `permissions.apis` FROM (SELECT `p_role`.`id`, `p_role`.`name`, `p_role`.`status` FROM `p_role` AS `p_role` WHERE `p_role`.`status` = 1 LIMIT 1) AS `p_role` LEFT OUTER JOIN `p_permission` AS `permissions` ON `p_role`.`id` = `permissions`.`role_id` AND `permissions`.`status` = 1;
2020-06-12 10:40:16,767 INFO 3951 [egg-sequelize](1ms) Executed (default): SELECT 1+1 AS result
2020-06-12 10:41:21,235 INFO 3978 [egg-sequelize](1ms) Executed (default): SELECT 1+1 AS result
2020-06-12 10:41:29,266 INFO 3999 [egg-sequelize](1ms) Executed (default): SELECT 1+1 AS result
2020-06-12 10:41:38,240 INFO 4020 [egg-sequelize](1ms) Executed (default): SELECT 1+1 AS result
2020-06-12 10:41:46,840 INFO 4034 [egg-sequelize](1ms) Executed (default): SELECT 1+1 AS result
2020-06-12 10:42:13,331 INFO 4059 [egg-sequelize](1ms) Executed (default): SELECT 1+1 AS result
2020-06-12 10:42:16,293 INFO 4074 [egg-sequelize](1ms) Executed (default): SELECT 1+1 AS result
2020-06-12 10:42:20,949 INFO 4074 [egg-sequelize](2ms) Executed (default): SELECT `p_role`.*, `permissions`.`id` AS `permissions.id`, `permissions`.`name` AS `permissions.name`, `permissions`.`apis` AS `permissions.apis` FROM (SELECT `p_role`.`id`, `p_role`.`name`, `p_role`.`status` FROM `p_role` AS `p_role` WHERE `p_role`.`status` = 1 LIMIT 1) AS `p_role` LEFT OUTER JOIN `p_permission` AS `permissions` ON `p_role`.`id` = `permissions`.`role_id` AND `permissions`.`status` = 1;
2020-06-12 10:42:43,344 INFO 4095 [egg-sequelize](0ms) Executed (default): SELECT 1+1 AS result
2020-06-12 10:42:49,301 INFO 4114 [egg-sequelize](0ms) Executed (default): SELECT 1+1 AS result
2020-06-12 10:44:26,797 INFO 4143 [egg-sequelize](1ms) Executed (default): SELECT 1+1 AS result
